This is pdfTeX, Version 3.1415926-2.5-1.40.14 (TeX Live 2013/Debian) (format=pdflatex 2016.6.15)  22 JAN 2017 01:49
entering extended mode
 restricted \write18 enabled.
 %&-line parsing enabled.
**dd
(./dd
LaTeX2e <2011/06/27>
Babel <3.9h> and hyphenation patterns for 78 languages loaded.
(/usr/share/texlive/texmf-dist/tex/latex/base/article.cls
Document Class: article 2007/10/19 v1.4h Standard LaTeX document class
(/usr/share/texlive/texmf-dist/tex/latex/base/size10.clo
File: size10.clo 2007/10/19 v1.4h Standard LaTeX file (size option)
)
\c@part=\count79
\c@section=\count80
\c@subsection=\count81
\c@subsubsection=\count82
\c@paragraph=\count83
\c@subparagraph=\count84
\c@figure=\count85
\c@table=\count86
\abovecaptionskip=\skip41
\belowcaptionskip=\skip42
\bibindent=\dimen102
)
(/usr/share/texlive/texmf-dist/tex/latex/base/inputenc.sty
Package: inputenc 2008/03/30 v1.1d Input encoding file
\inpenc@prehook=\toks14
\inpenc@posthook=\toks15

(/usr/share/texlive/texmf-dist/tex/latex/base/utf8.def
File: utf8.def 2008/04/05 v1.1m UTF-8 support for inputenc
Now handling font encoding OML ...
... no UTF-8 mapping file for font encoding OML
Now handling font encoding T1 ...
... processing UTF-8 mapping file for font encoding T1

(/usr/share/texlive/texmf-dist/tex/latex/base/t1enc.dfu
File: t1enc.dfu 2008/04/05 v1.1m UTF-8 support for inputenc
   defining Unicode char U+00A1 (decimal 161)
   defining Unicode char U+00A3 (decimal 163)
   defining Unicode char U+00AB (decimal 171)
   defining Unicode char U+00BB (decimal 187)
   defining Unicode char U+00BF (decimal 191)
   defining Unicode char U+00C0 (decimal 192)
   defining Unicode char U+00C1 (decimal 193)
   defining Unicode char U+00C2 (decimal 194)
   defining Unicode char U+00C3 (decimal 195)
   defining Unicode char U+00C4 (decimal 196)
   defining Unicode char U+00C5 (decimal 197)
   defining Unicode char U+00C6 (decimal 198)
   defining Unicode char U+00C7 (decimal 199)
   defining Unicode char U+00C8 (decimal 200)
   defining Unicode char U+00C9 (decimal 201)
   defining Unicode char U+00CA (decimal 202)
   defining Unicode char U+00CB (decimal 203)
   defining Unicode char U+00CC (decimal 204)
   defining Unicode char U+00CD (decimal 205)
   defining Unicode char U+00CE (decimal 206)
   defining Unicode char U+00CF (decimal 207)
   defining Unicode char U+00D0 (decimal 208)
   defining Unicode char U+00D1 (decimal 209)
   defining Unicode char U+00D2 (decimal 210)
   defining Unicode char U+00D3 (decimal 211)
   defining Unicode char U+00D4 (decimal 212)
   defining Unicode char U+00D5 (decimal 213)
   defining Unicode char U+00D6 (decimal 214)
   defining Unicode char U+00D8 (decimal 216)
   defining Unicode char U+00D9 (decimal 217)
   defining Unicode char U+00DA (decimal 218)
   defining Unicode char U+00DB (decimal 219)
   defining Unicode char U+00DC (decimal 220)
   defining Unicode char U+00DD (decimal 221)
   defining Unicode char U+00DE (decimal 222)
   defining Unicode char U+00DF (decimal 223)
   defining Unicode char U+00E0 (decimal 224)
   defining Unicode char U+00E1 (decimal 225)
   defining Unicode char U+00E2 (decimal 226)
   defining Unicode char U+00E3 (decimal 227)
   defining Unicode char U+00E4 (decimal 228)
   defining Unicode char U+00E5 (decimal 229)
   defining Unicode char U+00E6 (decimal 230)
   defining Unicode char U+00E7 (decimal 231)
   defining Unicode char U+00E8 (decimal 232)
   defining Unicode char U+00E9 (decimal 233)
   defining Unicode char U+00EA (decimal 234)
   defining Unicode char U+00EB (decimal 235)
   defining Unicode char U+00EC (decimal 236)
   defining Unicode char U+00ED (decimal 237)
   defining Unicode char U+00EE (decimal 238)
   defining Unicode char U+00EF (decimal 239)
   defining Unicode char U+00F0 (decimal 240)
   defining Unicode char U+00F1 (decimal 241)
   defining Unicode char U+00F2 (decimal 242)
   defining Unicode char U+00F3 (decimal 243)
   defining Unicode char U+00F4 (decimal 244)
   defining Unicode char U+00F5 (decimal 245)
   defining Unicode char U+00F6 (decimal 246)
   defining Unicode char U+00F8 (decimal 248)
   defining Unicode char U+00F9 (decimal 249)
   defining Unicode char U+00FA (decimal 250)
   defining Unicode char U+00FB (decimal 251)
   defining Unicode char U+00FC (decimal 252)
   defining Unicode char U+00FD (decimal 253)
   defining Unicode char U+00FE (decimal 254)
   defining Unicode char U+00FF (decimal 255)
   defining Unicode char U+0102 (decimal 258)
   defining Unicode char U+0103 (decimal 259)
   defining Unicode char U+0104 (decimal 260)
   defining Unicode char U+0105 (decimal 261)
   defining Unicode char U+0106 (decimal 262)
   defining Unicode char U+0107 (decimal 263)
   defining Unicode char U+010C (decimal 268)
   defining Unicode char U+010D (decimal 269)
   defining Unicode char U+010E (decimal 270)
   defining Unicode char U+010F (decimal 271)
   defining Unicode char U+0110 (decimal 272)
   defining Unicode char U+0111 (decimal 273)
   defining Unicode char U+0118 (decimal 280)
   defining Unicode char U+0119 (decimal 281)
   defining Unicode char U+011A (decimal 282)
   defining Unicode char U+011B (decimal 283)
   defining Unicode char U+011E (decimal 286)
   defining Unicode char U+011F (decimal 287)
   defining Unicode char U+0130 (decimal 304)
   defining Unicode char U+0131 (decimal 305)
   defining Unicode char U+0132 (decimal 306)
   defining Unicode char U+0133 (decimal 307)
   defining Unicode char U+0139 (decimal 313)
   defining Unicode char U+013A (decimal 314)
   defining Unicode char U+013D (decimal 317)
   defining Unicode char U+013E (decimal 318)
   defining Unicode char U+0141 (decimal 321)
   defining Unicode char U+0142 (decimal 322)
   defining Unicode char U+0143 (decimal 323)
   defining Unicode char U+0144 (decimal 324)
   defining Unicode char U+0147 (decimal 327)
   defining Unicode char U+0148 (decimal 328)
   defining Unicode char U+014A (decimal 330)
   defining Unicode char U+014B (decimal 331)
   defining Unicode char U+0150 (decimal 336)
   defining Unicode char U+0151 (decimal 337)
   defining Unicode char U+0152 (decimal 338)
   defining Unicode char U+0153 (decimal 339)
   defining Unicode char U+0154 (decimal 340)
   defining Unicode char U+0155 (decimal 341)
   defining Unicode char U+0158 (decimal 344)
   defining Unicode char U+0159 (decimal 345)
   defining Unicode char U+015A (decimal 346)
   defining Unicode char U+015B (decimal 347)
   defining Unicode char U+015E (decimal 350)
   defining Unicode char U+015F (decimal 351)
   defining Unicode char U+0160 (decimal 352)
   defining Unicode char U+0161 (decimal 353)
   defining Unicode char U+0162 (decimal 354)
   defining Unicode char U+0163 (decimal 355)
   defining Unicode char U+0164 (decimal 356)
   defining Unicode char U+0165 (decimal 357)
   defining Unicode char U+016E (decimal 366)
   defining Unicode char U+016F (decimal 367)
   defining Unicode char U+0170 (decimal 368)
   defining Unicode char U+0171 (decimal 369)
   defining Unicode char U+0178 (decimal 376)
   defining Unicode char U+0179 (decimal 377)
   defining Unicode char U+017A (decimal 378)
   defining Unicode char U+017B (decimal 379)
   defining Unicode char U+017C (decimal 380)
   defining Unicode char U+017D (decimal 381)
   defining Unicode char U+017E (decimal 382)
   defining Unicode char U+200C (decimal 8204)
   defining Unicode char U+2013 (decimal 8211)
   defining Unicode char U+2014 (decimal 8212)
   defining Unicode char U+2018 (decimal 8216)
   defining Unicode char U+2019 (decimal 8217)
   defining Unicode char U+201A (decimal 8218)
   defining Unicode char U+201C (decimal 8220)
   defining Unicode char U+201D (decimal 8221)
   defining Unicode char U+201E (decimal 8222)
   defining Unicode char U+2030 (decimal 8240)
   defining Unicode char U+2031 (decimal 8241)
   defining Unicode char U+2039 (decimal 8249)
   defining Unicode char U+203A (decimal 8250)
   defining Unicode char U+2423 (decimal 9251)
)
Now handling font encoding OT1 ...
... processing UTF-8 mapping file for font encoding OT1

(/usr/share/texlive/texmf-dist/tex/latex/base/ot1enc.dfu
File: ot1enc.dfu 2008/04/05 v1.1m UTF-8 support for inputenc
   defining Unicode char U+00A1 (decimal 161)
   defining Unicode char U+00A3 (decimal 163)
   defining Unicode char U+00B8 (decimal 184)
   defining Unicode char U+00BF (decimal 191)
   defining Unicode char U+00C5 (decimal 197)
   defining Unicode char U+00C6 (decimal 198)
   defining Unicode char U+00D8 (decimal 216)
   defining Unicode char U+00DF (decimal 223)
   defining Unicode char U+00E6 (decimal 230)
   defining Unicode char U+00EC (decimal 236)
   defining Unicode char U+00ED (decimal 237)
   defining Unicode char U+00EE (decimal 238)
   defining Unicode char U+00EF (decimal 239)
   defining Unicode char U+00F8 (decimal 248)
   defining Unicode char U+0131 (decimal 305)
   defining Unicode char U+0141 (decimal 321)
   defining Unicode char U+0142 (decimal 322)
   defining Unicode char U+0152 (decimal 338)
   defining Unicode char U+0153 (decimal 339)
   defining Unicode char U+2013 (decimal 8211)
   defining Unicode char U+2014 (decimal 8212)
   defining Unicode char U+2018 (decimal 8216)
   defining Unicode char U+2019 (decimal 8217)
   defining Unicode char U+201C (decimal 8220)
   defining Unicode char U+201D (decimal 8221)
)
Now handling font encoding OMS ...
... processing UTF-8 mapping file for font encoding OMS

(/usr/share/texlive/texmf-dist/tex/latex/base/omsenc.dfu
File: omsenc.dfu 2008/04/05 v1.1m UTF-8 support for inputenc
   defining Unicode char U+00A7 (decimal 167)
   defining Unicode char U+00B6 (decimal 182)
   defining Unicode char U+00B7 (decimal 183)
   defining Unicode char U+2020 (decimal 8224)
   defining Unicode char U+2021 (decimal 8225)
   defining Unicode char U+2022 (decimal 8226)
)
Now handling font encoding OMX ...
... no UTF-8 mapping file for font encoding OMX
Now handling font encoding U ...
... no UTF-8 mapping file for font encoding U
   defining Unicode char U+00A9 (decimal 169)
   defining Unicode char U+00AA (decimal 170)
   defining Unicode char U+00AE (decimal 174)
   defining Unicode char U+00BA (decimal 186)
   defining Unicode char U+02C6 (decimal 710)
   defining Unicode char U+02DC (decimal 732)
   defining Unicode char U+200C (decimal 8204)
   defining Unicode char U+2026 (decimal 8230)
   defining Unicode char U+2122 (decimal 8482)
   defining Unicode char U+2423 (decimal 9251)
))
(/usr/share/texlive/texmf-dist/tex/latex/lipsum/lipsum.sty
Package: lipsum 2011/04/14 v1.2 150 paragraphs of Lorem Ipsum dummy text
\c@lips@count=\count87
)
(/usr/share/texlive/texmf-dist/tex/latex/placeins/placeins.sty
Package: placeins 2005/04/18  v 2.2
)
(/usr/share/texlive/texmf-dist/tex/latex/listings/listings.sty
(/usr/share/texlive/texmf-dist/tex/latex/graphics/keyval.sty
Package: keyval 1999/03/16 v1.13 key=value parser (DPC)
\KV@toks@=\toks16
)
\lst@mode=\count88
\lst@gtempboxa=\box26
\lst@token=\toks17
\lst@length=\count89
\lst@currlwidth=\dimen103
\lst@column=\count90
\lst@pos=\count91
\lst@lostspace=\dimen104
\lst@width=\dimen105
\lst@newlines=\count92
\lst@lineno=\count93
\lst@maxwidth=\dimen106

(/usr/share/texlive/texmf-dist/tex/latex/listings/lstmisc.sty
File: lstmisc.sty 2013/08/26 1.5b (Carsten Heinz)
\c@lstnumber=\count94
\lst@skipnumbers=\count95
\lst@framebox=\box27
)
(/usr/share/texlive/texmf-dist/tex/latex/listings/listings.cfg
File: listings.cfg 2013/08/26 1.5b listings configuration
))
Package: listings 2013/08/26 1.5b (Carsten Heinz)

(/usr/share/texmf/tex/latex/xcolor/xcolor.sty
Package: xcolor 2007/01/21 v2.11 LaTeX color extensions (UK)

(/usr/share/texlive/texmf-dist/tex/latex/latexconfig/color.cfg
File: color.cfg 2007/01/18 v1.5 color configuration of teTeX/TeXLive
)
Package xcolor Info: Driver file: pdftex.def on input line 225.

(/usr/share/texlive/texmf-dist/tex/latex/pdftex-def/pdftex.def
File: pdftex.def 2011/05/27 v0.06d Graphics/color for pdfTeX

(/usr/share/texlive/texmf-dist/tex/generic/oberdiek/infwarerr.sty
Package: infwarerr 2010/04/08 v1.3 Providing info/warning/error messages (HO)
)
(/usr/share/texlive/texmf-dist/tex/generic/oberdiek/ltxcmds.sty
Package: ltxcmds 2011/11/09 v1.22 LaTeX kernel commands for general use (HO)
)
\Gread@gobject=\count96
)
Package xcolor Info: Model `cmy' substituted by `cmy0' on input line 1337.
Package xcolor Info: Model `hsb' substituted by `rgb' on input line 1341.
Package xcolor Info: Model `RGB' extended on input line 1353.
Package xcolor Info: Model `HTML' substituted by `rgb' on input line 1355.
Package xcolor Info: Model `Hsb' substituted by `hsb' on input line 1356.
Package xcolor Info: Model `tHsb' substituted by `hsb' on input line 1357.
Package xcolor Info: Model `HSB' substituted by `hsb' on input line 1358.
Package xcolor Info: Model `Gray' substituted by `gray' on input line 1359.
Package xcolor Info: Model `wave' substituted by `hsb' on input line 1360.
)
(/usr/share/texlive/texmf-dist/tex/latex/tools/enumerate.sty
Package: enumerate 1999/03/05 v3.00 enumerate extensions (DPC)
\@enLab=\toks18
)
(/usr/share/texlive/texmf-dist/tex/latex/vhistory/vhistory.sty
Package: vhistory 

(/usr/share/texlive/texmf-dist/tex/latex/carlisle/ltxtable.sty
Package: ltxtable 1995/12/11 v0.2 longtable/tabularx merge (DPC)

(/usr/share/texlive/texmf-dist/tex/latex/tools/tabularx.sty
Package: tabularx 1999/01/07 v2.07 `tabularx' package (DPC)

(/usr/share/texlive/texmf-dist/tex/latex/tools/array.sty
Package: array 2008/09/09 v2.4c Tabular extension package (FMi)
\col@sep=\dimen107
\extrarowheight=\dimen108
\NC@list=\toks19
\extratabsurround=\skip43
\backup@length=\skip44
)
\TX@col@width=\dimen109
\TX@old@table=\dimen110
\TX@old@col=\dimen111
\TX@target=\dimen112
\TX@delta=\dimen113
\TX@cols=\count97
\TX@ftn=\toks20
)
(/usr/share/texlive/texmf-dist/tex/latex/tools/longtable.sty
Package: longtable 2004/02/01 v4.11 Multi-page Table package (DPC)
\LTleft=\skip45
\LTright=\skip46
\LTpre=\skip47
\LTpost=\skip48
\LTchunksize=\count98
\LTcapwidth=\dimen114
\LT@head=\box28
\LT@firsthead=\box29
\LT@foot=\box30
\LT@lastfoot=\box31
\LT@cols=\count99
\LT@rows=\count100
\c@LT@tables=\count101
\c@LT@chunks=\count102
\LT@p@ftn=\toks21
))
(/usr/share/texlive/texmf-dist/tex/latex/vhistory/sets.sty
Package: sets 
\c@s@tlength=\count103
)
Reading file dd.hst...
(./dd.hst)
\vh@verfile=\write3
) (/usr/share/texlive/texmf-dist/tex/latex/graphics/graphicx.sty
Package: graphicx 1999/02/16 v1.0f Enhanced LaTeX Graphics (DPC,SPQR)

(/usr/share/texlive/texmf-dist/tex/latex/graphics/graphics.sty
Package: graphics 2009/02/05 v1.0o Standard LaTeX Graphics (DPC,SPQR)

(/usr/share/texlive/texmf-dist/tex/latex/graphics/trig.sty
Package: trig 1999/03/16 v1.09 sin cos tan (DPC)
)
(/usr/share/texlive/texmf-dist/tex/latex/latexconfig/graphics.cfg
File: graphics.cfg 2010/04/23 v1.9 graphics configuration of TeX Live
)
Package graphics Info: Driver file: pdftex.def on input line 91.
)
\Gin@req@height=\dimen115
\Gin@req@width=\dimen116
)
(/usr/share/texlive/texmf-dist/tex/latex/float/float.sty
Package: float 2001/11/08 v1.3d Float enhancements (AL)
\c@float@type=\count104
\float@exts=\toks22
\float@box=\box32
\@float@everytoks=\toks23
\@floatcapt=\box33
)
(/usr/share/texlive/texmf-dist/tex/latex/rotating/rotating.sty
Package: rotating 2009/03/28 v2.16a rotated objects in LaTeX

(/usr/share/texlive/texmf-dist/tex/latex/base/ifthen.sty
Package: ifthen 2001/05/26 v1.1c Standard LaTeX ifthen package (DPC)
)
\c@r@tfl@t=\count105
\rotFPtop=\skip49
\rotFPbot=\skip50
\rot@float@box=\box34
\rot@mess@toks=\toks24
)
(/usr/share/texlive/texmf-dist/tex/latex/tools/afterpage.sty
Package: afterpage 1995/10/27 v1.08 After-Page Package (DPC)
\AP@output=\toks25
\AP@partial=\box35
\AP@footins=\box36
)
(/usr/share/texlive/texmf-dist/tex/latex/geometry/geometry.sty
Package: geometry 2010/09/12 v5.6 Page Geometry

(/usr/share/texlive/texmf-dist/tex/generic/oberdiek/ifpdf.sty
Package: ifpdf 2011/01/30 v2.3 Provides the ifpdf switch (HO)
Package ifpdf Info: pdfTeX in PDF mode is detected.
)
(/usr/share/texlive/texmf-dist/tex/generic/oberdiek/ifvtex.sty
Package: ifvtex 2010/03/01 v1.5 Detect VTeX and its facilities (HO)
Package ifvtex Info: VTeX not detected.
)
(/usr/share/texlive/texmf-dist/tex/generic/ifxetex/ifxetex.sty
Package: ifxetex 2010/09/12 v0.6 Provides ifxetex conditional
)
\Gm@cnth=\count106
\Gm@cntv=\count107
\c@Gm@tempcnt=\count108
\Gm@bindingoffset=\dimen117
\Gm@wd@mp=\dimen118
\Gm@odd@mp=\dimen119
\Gm@even@mp=\dimen120
\Gm@layoutwidth=\dimen121
\Gm@layoutheight=\dimen122
\Gm@layouthoffset=\dimen123
\Gm@layoutvoffset=\dimen124
\Gm@dimlist=\toks26
)
(/usr/share/texlive/texmf-dist/tex/latex/changepage/changepage.sty
Package: changepage 2009/10/20 v1.0c check page and change page layout
\c@cp@cntr=\count109
\cp@tempcnt=\count110
) (./dd.aux

LaTeX Warning: Label `Requirements Traceability Matrix' multiply defined.

)
\openout1 = `dd.aux'.

LaTeX Font Info:    Checking defaults for OML/cmm/m/it on input line 21.
LaTeX Font Info:    ... okay on input line 21.
LaTeX Font Info:    Checking defaults for T1/cmr/m/n on input line 21.
LaTeX Font Info:    ... okay on input line 21.
LaTeX Font Info:    Checking defaults for OT1/cmr/m/n on input line 21.
LaTeX Font Info:    ... okay on input line 21.
LaTeX Font Info:    Checking defaults for OMS/cmsy/m/n on input line 21.
LaTeX Font Info:    ... okay on input line 21.
LaTeX Font Info:    Checking defaults for OMX/cmex/m/n on input line 21.
LaTeX Font Info:    ... okay on input line 21.
LaTeX Font Info:    Checking defaults for U/cmr/m/n on input line 21.
LaTeX Font Info:    ... okay on input line 21.
\c@lstlisting=\count111
 (/usr/share/texlive/texmf-dist/tex/context/base/supp-pdf.mkii
[Loading MPS to PDF converter (version 2006.09.02).]
\scratchcounter=\count112
\scratchdimen=\dimen125
\scratchbox=\box37
\nofMPsegments=\count113
\nofMParguments=\count114
\everyMPshowfont=\toks27
\MPscratchCnt=\count115
\MPscratchDim=\dimen126
\MPnumerator=\count116
\makeMPintoPDFobject=\count117
\everyMPtoPDFconversion=\toks28
) (/usr/share/texlive/texmf-dist/tex/generic/oberdiek/pdftexcmds.sty
Package: pdftexcmds 2011/11/29 v0.20 Utility functions of pdfTeX for LuaTeX (HO
)

(/usr/share/texlive/texmf-dist/tex/generic/oberdiek/ifluatex.sty
Package: ifluatex 2010/03/01 v1.3 Provides the ifluatex switch (HO)
Package ifluatex Info: LuaTeX not detected.
)
Package pdftexcmds Info: LuaTeX not detected.
Package pdftexcmds Info: \pdf@primitive is available.
Package pdftexcmds Info: \pdf@ifprimitive is available.
Package pdftexcmds Info: \pdfdraftmode found.
)
(/usr/share/texlive/texmf-dist/tex/latex/oberdiek/epstopdf-base.sty
Package: epstopdf-base 2010/02/09 v2.5 Base part for package epstopdf

(/usr/share/texlive/texmf-dist/tex/latex/oberdiek/grfext.sty
Package: grfext 2010/08/19 v1.1 Manage graphics extensions (HO)

(/usr/share/texlive/texmf-dist/tex/generic/oberdiek/kvdefinekeys.sty
Package: kvdefinekeys 2011/04/07 v1.3 Define keys (HO)
))
(/usr/share/texlive/texmf-dist/tex/latex/oberdiek/kvoptions.sty
Package: kvoptions 2011/06/30 v3.11 Key value format for package options (HO)

(/usr/share/texlive/texmf-dist/tex/generic/oberdiek/kvsetkeys.sty
Package: kvsetkeys 2012/04/25 v1.16 Key value parser (HO)

(/usr/share/texlive/texmf-dist/tex/generic/oberdiek/etexcmds.sty
Package: etexcmds 2011/02/16 v1.5 Avoid name clashes with e-TeX commands (HO)
Package etexcmds Info: Could not find \expanded.
(etexcmds)             That can mean that you are not using pdfTeX 1.50 or
(etexcmds)             that some package has redefined \expanded.
(etexcmds)             In the latter case, load this package earlier.
)))
Package grfext Info: Graphics extension search list:
(grfext)             [.png,.pdf,.jpg,.mps,.jpeg,.jbig2,.jb2,.PNG,.PDF,.JPG,.JPE
G,.JBIG2,.JB2,.eps]
(grfext)             \AppendGraphicsExtensions on input line 452.

(/usr/share/texlive/texmf-dist/tex/latex/latexconfig/epstopdf-sys.cfg
File: epstopdf-sys.cfg 2010/07/13 v1.3 Configuration of (r)epstopdf for TeX Liv
e
))
*geometry* driver: auto-detecting
*geometry* detected driver: pdftex
*geometry* verbose mode - [ preamble ] result:
* driver: pdftex
* paper: a4paper
* layout: <same size as paper>
* layoutoffset:(h,v)=(0.0pt,0.0pt)
* modes: 
* h-part:(L,W,R)=(89.62709pt, 418.25368pt, 89.6271pt)
* v-part:(T,H,B)=(101.40665pt, 591.5302pt, 152.11pt)
* \paperwidth=597.50787pt
* \paperheight=845.04684pt
* \textwidth=418.25368pt
* \textheight=591.5302pt
* \oddsidemargin=17.3571pt
* \evensidemargin=17.3571pt
* \topmargin=-7.86334pt
* \headheight=12.0pt
* \headsep=25.0pt
* \topskip=10.0pt
* \footskip=30.0pt
* \marginparwidth=57.0pt
* \marginparsep=11.0pt
* \columnsep=10.0pt
* \skip\footins=9.0pt plus 4.0pt minus 2.0pt
* \hoffset=0.0pt
* \voffset=0.0pt
* \mag=1000
* \@twocolumnfalse
* \@twosidefalse
* \@mparswitchfalse
* \@reversemarginfalse
* (1in=72.27pt=25.4mm, 1cm=28.453pt)

<Resources/logoPolimi.png, id=1, 481.8pt x 347.2975pt>
File: Resources/logoPolimi.png Graphic file (type png)

<use Resources/logoPolimi.png>
Package pdftex.def Info: Resources/logoPolimi.png used on input line 25.
(pdftex.def)             Requested size: 144.5411pt x 104.19005pt.
LaTeX Font Info:    External font `cmex10' loaded for size
(Font)              <12> on input line 28.
LaTeX Font Info:    External font `cmex10' loaded for size
(Font)              <8> on input line 28.
LaTeX Font Info:    External font `cmex10' loaded for size
(Font)              <6> on input line 28.
 [1

{/var/lib/texmf/fonts/map/pdftex/updmap/pdftex.map} <./Resources/logoPolimi.png
>]
\openout3 = `dd.ver'.

\vh@hstfile=\write4
\openout4 = `dd.hst'.

 (./dd.ver) (./dd.ver) (./dd.ver)
LaTeX Font Info:    External font `cmex10' loaded for size
(Font)              <7> on input line 53.
LaTeX Font Info:    External font `cmex10' loaded for size
(Font)              <5> on input line 53.
 [2]
(./dd.toc)
\tf@toc=\write5
\openout5 = `dd.toc'.

 [3] [1] [2]
<Resources/tiermvcarch2.png, id=25, 756.8275pt x 431.6125pt>
File: Resources/tiermvcarch2.png Graphic file (type png)

<use Resources/tiermvcarch2.png>
Package pdftex.def Info: Resources/tiermvcarch2.png used on input line 128.
(pdftex.def)             Requested size: 302.72563pt x 172.64194pt.
 [3 <./Resources/tiermvcarch2.png>] [4]
<Resources/component.jpeg, id=35, 963.6pt x 738.76pt>
File: Resources/component.jpeg Graphic file (type jpg)

<use Resources/component.jpeg>
Package pdftex.def Info: Resources/component.jpeg used on input line 176.
(pdftex.def)             Requested size: 385.43317pt x 295.49875pt.
 [5 <./Resources/component.jpeg>]
<Resources/wrapping_data_structures.png, id=39, 657.45625pt x 347.2975pt>
File: Resources/wrapping_data_structures.png Graphic file (type png)

<use Resources/wrapping_data_structures.png>
Package pdftex.def Info: Resources/wrapping_data_structures.png used on input l
ine 186.
(pdftex.def)             Requested size: 262.97784pt x 138.91653pt.
 [6

 <./Resources/wrapping_data_structures.png>]
<Resources/sequence_diagrams/registe.png, id=44, 909.3975pt x 616.3025pt>
File: Resources/sequence_diagrams/registe.png Graphic file (type png)

<use Resources/sequence_diagrams/registe.png>
Package pdftex.def Info: Resources/sequence_diagrams/registe.png used on input 
line 196.
(pdftex.def)             Requested size: 363.75256pt x 246.51663pt.
 [7

 <./Resources/sequence_diagrams/registe.png>]
<Resources/sequence_diagrams/login.png, id=48, 702.625pt x 587.19376pt>
File: Resources/sequence_diagrams/login.png Graphic file (type png)

<use Resources/sequence_diagrams/login.png>
Package pdftex.def Info: Resources/sequence_diagrams/login.png used on input li
ne 203.
(pdftex.def)             Requested size: 281.04501pt x 234.87334pt.

<Resources/sequence_diagrams/show_account_details.png, id=49, 678.535pt x 366.3
6874pt>
File: Resources/sequence_diagrams/show_account_details.png Graphic file (type p
ng)
 <use Resources/sequence_diagrams/show_account_details.png>
Package pdftex.def Info: Resources/sequence_diagrams/show_account_details.png u
sed on input line 210.
(pdftex.def)             Requested size: 271.40918pt x 146.54489pt.
 [8

 <./Resources/sequence_diagrams/login.png> <./Resources/sequence_diagrams/show_
account_details.png>]
<Resources/sequence_diagrams/findcarsnexttospecifiedposition.png, id=53, 793.96
625pt x 525.965pt>
File: Resources/sequence_diagrams/findcarsnexttospecifiedposition.png Graphic f
ile (type png)

<use Resources/sequence_diagrams/findcarsnexttospecifiedposition.png>
Package pdftex.def Info: Resources/sequence_diagrams/findcarsnexttospecifiedpos
ition.png used on input line 217.
(pdftex.def)             Requested size: 317.58087pt x 210.38226pt.

<Resources/sequence_diagrams/showcardetails.png, id=54, 637.38126pt x 366.36874
pt>
File: Resources/sequence_diagrams/showcardetails.png Graphic file (type png)
 <use Resources/sequence_diagrams/showcardetails.png>
Package pdftex.def Info: Resources/sequence_diagrams/showcardetails.png used on
 input line 224.
(pdftex.def)             Requested size: 254.94798pt x 146.54489pt.
 [9

 <./Resources/sequence_diagrams/findcarsnexttospecifiedposition.png> <./Resourc
es/sequence_diagrams/showcardetails.png>]
<Resources/sequence_diagrams/book_vehicle2.png, id=58, 931.48pt x 812.03375pt>
File: Resources/sequence_diagrams/book_vehicle2.png Graphic file (type png)

<use Resources/sequence_diagrams/book_vehicle2.png>
Package pdftex.def Info: Resources/sequence_diagrams/book_vehicle2.png used on 
input line 231.
(pdftex.def)             Requested size: 372.5854pt x 324.80774pt.
 [10

 <./Resources/sequence_diagrams/book_vehicle2.png (PNG copy)>]
<Resources/sequence_diagrams/cancel2.png, id=63, 819.06pt x 471.7625pt>
File: Resources/sequence_diagrams/cancel2.png Graphic file (type png)

<use Resources/sequence_diagrams/cancel2.png>
Package pdftex.def Info: Resources/sequence_diagrams/cancel2.png used on input 
line 238.
(pdftex.def)             Requested size: 327.6182pt x 188.70164pt.
 [11

 <./Resources/sequence_diagrams/cancel2.png (PNG copy)>]
<Resources/sequence_diagrams/openvehicle2.png, id=67, 826.08624pt x 721.69624pt
>
File: Resources/sequence_diagrams/openvehicle2.png Graphic file (type png)
 <use Resources/sequence_diagrams/openvehicle2.png>
Package pdftex.def Info: Resources/sequence_diagrams/openvehicle2.png used on i
nput line 245.
(pdftex.def)             Requested size: 330.42863pt x 288.67339pt.
 [12

 <./Resources/sequence_diagrams/openvehicle2.png (PNG copy)>]
<Resources/sequence_diagrams/conclude_rent.png, id=71, 1007.765pt x 789.95125pt
>
File: Resources/sequence_diagrams/conclude_rent.png Graphic file (type png)
 <use Resources/sequence_diagrams/conclude_rent.png>
Package pdftex.def Info: Resources/sequence_diagrams/conclude_rent.png used on 
input line 252.
(pdftex.def)             Requested size: 403.09886pt x 315.9749pt.
 [13

 <./Resources/sequence_diagrams/conclude_rent.png>]
<Resources/deploymentView.jpeg, id=75, 745.78625pt x 365.365pt>
File: Resources/deploymentView.jpeg Graphic file (type jpg)

<use Resources/deploymentView.jpeg>
Package pdftex.def Info: Resources/deploymentView.jpeg used on input line 288.
(pdftex.def)             Requested size: 298.30922pt x 146.1434pt.
 [14 <./Resources/deploymentView.jpeg>]
[15] <Resources/mockups/login_mockup.png, id=82, 442.65375pt x 903.375pt>
File: Resources/mockups/login_mockup.png Graphic file (type png)

<use Resources/mockups/login_mockup.png>
Package pdftex.def Info: Resources/mockups/login_mockup.png used on input line 
327.
(pdftex.def)             Requested size: 168.21016pt x 343.28607pt.


LaTeX Warning: `h' float specifier changed to `ht'.

<Resources/mockups/signup_mockup.png, id=83, 442.65375pt x 903.375pt>
File: Resources/mockups/signup_mockup.png Graphic file (type png)

<use Resources/mockups/signup_mockup.png>
Package pdftex.def Info: Resources/mockups/signup_mockup.png used on input line
 332.
(pdftex.def)             Requested size: 168.21016pt x 343.28607pt.


LaTeX Warning: `h' float specifier changed to `ht'.


<Resources/mockups/introduce_position_mockup.png, id=84, 442.65375pt x 903.375p
t>
File: Resources/mockups/introduce_position_mockup.png Graphic file (type png)
 <use Resources/mockups/introduce_position_mockup.png>
Package pdftex.def Info: Resources/mockups/introduce_position_mockup.png used o
n input line 337.
(pdftex.def)             Requested size: 168.21016pt x 343.28607pt.


LaTeX Warning: `h' float specifier changed to `ht'.

<Resources/mockups/map_mockup.png, id=85, 442.65375pt x 903.375pt>
File: Resources/mockups/map_mockup.png Graphic file (type png)

<use Resources/mockups/map_mockup.png>
Package pdftex.def Info: Resources/mockups/map_mockup.png used on input line 34
2.
(pdftex.def)             Requested size: 168.21016pt x 343.28607pt.


LaTeX Warning: `h' float specifier changed to `ht'.

<Resources/mockups/showcardetails_mockup.png, id=86, 442.65375pt x 903.375pt>
File: Resources/mockups/showcardetails_mockup.png Graphic file (type png)

<use Resources/mockups/showcardetails_mockup.png>
Package pdftex.def Info: Resources/mockups/showcardetails_mockup.png used on in
put line 347.
(pdftex.def)             Requested size: 168.21016pt x 343.28607pt.


LaTeX Warning: `h' float specifier changed to `ht'.

<Resources/mockups/book_cancel_mockup.png, id=87, 442.65375pt x 903.375pt>
File: Resources/mockups/book_cancel_mockup.png Graphic file (type png)

<use Resources/mockups/book_cancel_mockup.png>
Package pdftex.def Info: Resources/mockups/book_cancel_mockup.png used on input
 line 352.
(pdftex.def)             Requested size: 168.21016pt x 343.28607pt.


LaTeX Warning: `h' float specifier changed to `ht'.

<Resources/mockups/conclude_ride_mockup.png, id=88, 442.65375pt x 903.375pt>
File: Resources/mockups/conclude_ride_mockup.png Graphic file (type png)

<use Resources/mockups/conclude_ride_mockup.png>
Package pdftex.def Info: Resources/mockups/conclude_ride_mockup.png used on inp
ut line 357.
(pdftex.def)             Requested size: 168.21016pt x 343.28607pt.


LaTeX Warning: `h' float specifier changed to `ht'.

<Resources/mockups/notify_mockup.png, id=89, 442.65375pt x 903.375pt>
File: Resources/mockups/notify_mockup.png Graphic file (type png)

<use Resources/mockups/notify_mockup.png>
Package pdftex.def Info: Resources/mockups/notify_mockup.png used on input line
 362.
(pdftex.def)             Requested size: 168.21016pt x 343.28607pt.


LaTeX Warning: `h' float specifier changed to `ht'.

[16] [17 <./Resources/mockups/login_mockup.png>] [18 <./Resources/mockups/signu
p_mockup.png>] [19 <./Resources/mockups/introduce_position_mockup.png>]
[20 <./Resources/mockups/map_mockup.png>] [21 <./Resources/mockups/showcardetai
ls_mockup.png>] [22 <./Resources/mockups/book_cancel_mockup.png>] [23 <./Resour
ces/mockups/conclude_ride_mockup.png>] [24 <./Resources/mockups/notify_mockup.p
ng>] <Resources/userExperienceDiagram.png, id=127, 1030.85126pt x 1116.17pt>
File: Resources/userExperienceDiagram.png Graphic file (type png)

<use Resources/userExperienceDiagram.png>
Package pdftex.def Info: Resources/userExperienceDiagram.png used on input line
 373.
(pdftex.def)             Requested size: 412.33319pt x 446.4601pt.
 [25

 <./Resources/userExperienceDiagram.png>]
Overfull \hbox (1.5885pt too wide) in paragraph at lines 384--425
[][] 
 []


LaTeX Warning: No positions in optional float specifier.
               Default added (so using `tbp') on input line 427.


Overfull \hbox (40.63585pt too wide) in paragraph at lines 431--475
[][] 
 []

[26

] [27] (./dd.aux)

LaTeX Warning: There were multiply-defined labels.

 ) 
Here is how much of TeX's memory you used:
 4873 strings out of 493304
 69001 string characters out of 6139871
 240447 words of memory out of 5000000
 8212 multiletter control sequences out of 15000+600000
 7895 words of font info for 28 fonts, out of 8000000 for 9000
 957 hyphenation exceptions out of 8191
 38i,15n,35p,314b,300s stack positions out of 5000i,500n,10000p,200000b,80000s
</usr/share/texlive/texmf-dist/fonts/type1/public/amsfonts/cm/cmbx10.pfb></us
r/share/texlive/texmf-dist/fonts/type1/public/amsfonts/cm/cmbx12.pfb></usr/shar
e/texlive/texmf-dist/fonts/type1/public/amsfonts/cm/cmr10.pfb></usr/share/texli
ve/texmf-dist/fonts/type1/public/amsfonts/cm/cmr12.pfb></usr/share/texlive/texm
f-dist/fonts/type1/public/amsfonts/cm/cmr17.pfb></usr/share/texlive/texmf-dist/
fonts/type1/public/amsfonts/cm/cmsy10.pfb>
Output written on dd.pdf (30 pages, 2017104 bytes).
PDF statistics:
 159 PDF objects out of 1000 (max. 8388607)
 86 compressed objects within 1 object stream
 0 named destinations out of 1000 (max. 500000)
 116 words of extra memory for PDF output out of 10000 (max. 10000000)

