This is pdfTeX, Version 3.1415926-2.5-1.40.14 (TeX Live 2013/Debian) (format=pdflatex 2016.6.15)  23 JAN 2017 00:17
entering extended mode
 restricted \write18 enabled.
 %&-line parsing enabled.
**ppd.tex
(./ppd.tex
LaTeX2e <2011/06/27>
Babel <3.9h> and hyphenation patterns for 78 languages loaded.
(/usr/share/texlive/texmf-dist/tex/latex/base/article.cls
Document Class: article 2007/10/19 v1.4h Standard LaTeX document class
(/usr/share/texlive/texmf-dist/tex/latex/base/size10.clo
File: size10.clo 2007/10/19 v1.4h Standard LaTeX file (size option)
)
\c@part=\count79
\c@section=\count80
\c@subsection=\count81
\c@subsubsection=\count82
\c@paragraph=\count83
\c@subparagraph=\count84
\c@figure=\count85
\c@table=\count86
\abovecaptionskip=\skip41
\belowcaptionskip=\skip42
\bibindent=\dimen102
)
(/usr/share/texlive/texmf-dist/tex/latex/base/inputenc.sty
Package: inputenc 2008/03/30 v1.1d Input encoding file
\inpenc@prehook=\toks14
\inpenc@posthook=\toks15

(/usr/share/texlive/texmf-dist/tex/latex/base/utf8.def
File: utf8.def 2008/04/05 v1.1m UTF-8 support for inputenc
Now handling font encoding OML ...
... no UTF-8 mapping file for font encoding OML
Now handling font encoding T1 ...
... processing UTF-8 mapping file for font encoding T1

(/usr/share/texlive/texmf-dist/tex/latex/base/t1enc.dfu
File: t1enc.dfu 2008/04/05 v1.1m UTF-8 support for inputenc
   defining Unicode char U+00A1 (decimal 161)
   defining Unicode char U+00A3 (decimal 163)
   defining Unicode char U+00AB (decimal 171)
   defining Unicode char U+00BB (decimal 187)
   defining Unicode char U+00BF (decimal 191)
   defining Unicode char U+00C0 (decimal 192)
   defining Unicode char U+00C1 (decimal 193)
   defining Unicode char U+00C2 (decimal 194)
   defining Unicode char U+00C3 (decimal 195)
   defining Unicode char U+00C4 (decimal 196)
   defining Unicode char U+00C5 (decimal 197)
   defining Unicode char U+00C6 (decimal 198)
   defining Unicode char U+00C7 (decimal 199)
   defining Unicode char U+00C8 (decimal 200)
   defining Unicode char U+00C9 (decimal 201)
   defining Unicode char U+00CA (decimal 202)
   defining Unicode char U+00CB (decimal 203)
   defining Unicode char U+00CC (decimal 204)
   defining Unicode char U+00CD (decimal 205)
   defining Unicode char U+00CE (decimal 206)
   defining Unicode char U+00CF (decimal 207)
   defining Unicode char U+00D0 (decimal 208)
   defining Unicode char U+00D1 (decimal 209)
   defining Unicode char U+00D2 (decimal 210)
   defining Unicode char U+00D3 (decimal 211)
   defining Unicode char U+00D4 (decimal 212)
   defining Unicode char U+00D5 (decimal 213)
   defining Unicode char U+00D6 (decimal 214)
   defining Unicode char U+00D8 (decimal 216)
   defining Unicode char U+00D9 (decimal 217)
   defining Unicode char U+00DA (decimal 218)
   defining Unicode char U+00DB (decimal 219)
   defining Unicode char U+00DC (decimal 220)
   defining Unicode char U+00DD (decimal 221)
   defining Unicode char U+00DE (decimal 222)
   defining Unicode char U+00DF (decimal 223)
   defining Unicode char U+00E0 (decimal 224)
   defining Unicode char U+00E1 (decimal 225)
   defining Unicode char U+00E2 (decimal 226)
   defining Unicode char U+00E3 (decimal 227)
   defining Unicode char U+00E4 (decimal 228)
   defining Unicode char U+00E5 (decimal 229)
   defining Unicode char U+00E6 (decimal 230)
   defining Unicode char U+00E7 (decimal 231)
   defining Unicode char U+00E8 (decimal 232)
   defining Unicode char U+00E9 (decimal 233)
   defining Unicode char U+00EA (decimal 234)
   defining Unicode char U+00EB (decimal 235)
   defining Unicode char U+00EC (decimal 236)
   defining Unicode char U+00ED (decimal 237)
   defining Unicode char U+00EE (decimal 238)
   defining Unicode char U+00EF (decimal 239)
   defining Unicode char U+00F0 (decimal 240)
   defining Unicode char U+00F1 (decimal 241)
   defining Unicode char U+00F2 (decimal 242)
   defining Unicode char U+00F3 (decimal 243)
   defining Unicode char U+00F4 (decimal 244)
   defining Unicode char U+00F5 (decimal 245)
   defining Unicode char U+00F6 (decimal 246)
   defining Unicode char U+00F8 (decimal 248)
   defining Unicode char U+00F9 (decimal 249)
   defining Unicode char U+00FA (decimal 250)
   defining Unicode char U+00FB (decimal 251)
   defining Unicode char U+00FC (decimal 252)
   defining Unicode char U+00FD (decimal 253)
   defining Unicode char U+00FE (decimal 254)
   defining Unicode char U+00FF (decimal 255)
   defining Unicode char U+0102 (decimal 258)
   defining Unicode char U+0103 (decimal 259)
   defining Unicode char U+0104 (decimal 260)
   defining Unicode char U+0105 (decimal 261)
   defining Unicode char U+0106 (decimal 262)
   defining Unicode char U+0107 (decimal 263)
   defining Unicode char U+010C (decimal 268)
   defining Unicode char U+010D (decimal 269)
   defining Unicode char U+010E (decimal 270)
   defining Unicode char U+010F (decimal 271)
   defining Unicode char U+0110 (decimal 272)
   defining Unicode char U+0111 (decimal 273)
   defining Unicode char U+0118 (decimal 280)
   defining Unicode char U+0119 (decimal 281)
   defining Unicode char U+011A (decimal 282)
   defining Unicode char U+011B (decimal 283)
   defining Unicode char U+011E (decimal 286)
   defining Unicode char U+011F (decimal 287)
   defining Unicode char U+0130 (decimal 304)
   defining Unicode char U+0131 (decimal 305)
   defining Unicode char U+0132 (decimal 306)
   defining Unicode char U+0133 (decimal 307)
   defining Unicode char U+0139 (decimal 313)
   defining Unicode char U+013A (decimal 314)
   defining Unicode char U+013D (decimal 317)
   defining Unicode char U+013E (decimal 318)
   defining Unicode char U+0141 (decimal 321)
   defining Unicode char U+0142 (decimal 322)
   defining Unicode char U+0143 (decimal 323)
   defining Unicode char U+0144 (decimal 324)
   defining Unicode char U+0147 (decimal 327)
   defining Unicode char U+0148 (decimal 328)
   defining Unicode char U+014A (decimal 330)
   defining Unicode char U+014B (decimal 331)
   defining Unicode char U+0150 (decimal 336)
   defining Unicode char U+0151 (decimal 337)
   defining Unicode char U+0152 (decimal 338)
   defining Unicode char U+0153 (decimal 339)
   defining Unicode char U+0154 (decimal 340)
   defining Unicode char U+0155 (decimal 341)
   defining Unicode char U+0158 (decimal 344)
   defining Unicode char U+0159 (decimal 345)
   defining Unicode char U+015A (decimal 346)
   defining Unicode char U+015B (decimal 347)
   defining Unicode char U+015E (decimal 350)
   defining Unicode char U+015F (decimal 351)
   defining Unicode char U+0160 (decimal 352)
   defining Unicode char U+0161 (decimal 353)
   defining Unicode char U+0162 (decimal 354)
   defining Unicode char U+0163 (decimal 355)
   defining Unicode char U+0164 (decimal 356)
   defining Unicode char U+0165 (decimal 357)
   defining Unicode char U+016E (decimal 366)
   defining Unicode char U+016F (decimal 367)
   defining Unicode char U+0170 (decimal 368)
   defining Unicode char U+0171 (decimal 369)
   defining Unicode char U+0178 (decimal 376)
   defining Unicode char U+0179 (decimal 377)
   defining Unicode char U+017A (decimal 378)
   defining Unicode char U+017B (decimal 379)
   defining Unicode char U+017C (decimal 380)
   defining Unicode char U+017D (decimal 381)
   defining Unicode char U+017E (decimal 382)
   defining Unicode char U+200C (decimal 8204)
   defining Unicode char U+2013 (decimal 8211)
   defining Unicode char U+2014 (decimal 8212)
   defining Unicode char U+2018 (decimal 8216)
   defining Unicode char U+2019 (decimal 8217)
   defining Unicode char U+201A (decimal 8218)
   defining Unicode char U+201C (decimal 8220)
   defining Unicode char U+201D (decimal 8221)
   defining Unicode char U+201E (decimal 8222)
   defining Unicode char U+2030 (decimal 8240)
   defining Unicode char U+2031 (decimal 8241)
   defining Unicode char U+2039 (decimal 8249)
   defining Unicode char U+203A (decimal 8250)
   defining Unicode char U+2423 (decimal 9251)
)
Now handling font encoding OT1 ...
... processing UTF-8 mapping file for font encoding OT1

(/usr/share/texlive/texmf-dist/tex/latex/base/ot1enc.dfu
File: ot1enc.dfu 2008/04/05 v1.1m UTF-8 support for inputenc
   defining Unicode char U+00A1 (decimal 161)
   defining Unicode char U+00A3 (decimal 163)
   defining Unicode char U+00B8 (decimal 184)
   defining Unicode char U+00BF (decimal 191)
   defining Unicode char U+00C5 (decimal 197)
   defining Unicode char U+00C6 (decimal 198)
   defining Unicode char U+00D8 (decimal 216)
   defining Unicode char U+00DF (decimal 223)
   defining Unicode char U+00E6 (decimal 230)
   defining Unicode char U+00EC (decimal 236)
   defining Unicode char U+00ED (decimal 237)
   defining Unicode char U+00EE (decimal 238)
   defining Unicode char U+00EF (decimal 239)
   defining Unicode char U+00F8 (decimal 248)
   defining Unicode char U+0131 (decimal 305)
   defining Unicode char U+0141 (decimal 321)
   defining Unicode char U+0142 (decimal 322)
   defining Unicode char U+0152 (decimal 338)
   defining Unicode char U+0153 (decimal 339)
   defining Unicode char U+2013 (decimal 8211)
   defining Unicode char U+2014 (decimal 8212)
   defining Unicode char U+2018 (decimal 8216)
   defining Unicode char U+2019 (decimal 8217)
   defining Unicode char U+201C (decimal 8220)
   defining Unicode char U+201D (decimal 8221)
)
Now handling font encoding OMS ...
... processing UTF-8 mapping file for font encoding OMS

(/usr/share/texlive/texmf-dist/tex/latex/base/omsenc.dfu
File: omsenc.dfu 2008/04/05 v1.1m UTF-8 support for inputenc
   defining Unicode char U+00A7 (decimal 167)
   defining Unicode char U+00B6 (decimal 182)
   defining Unicode char U+00B7 (decimal 183)
   defining Unicode char U+2020 (decimal 8224)
   defining Unicode char U+2021 (decimal 8225)
   defining Unicode char U+2022 (decimal 8226)
)
Now handling font encoding OMX ...
... no UTF-8 mapping file for font encoding OMX
Now handling font encoding U ...
... no UTF-8 mapping file for font encoding U
   defining Unicode char U+00A9 (decimal 169)
   defining Unicode char U+00AA (decimal 170)
   defining Unicode char U+00AE (decimal 174)
   defining Unicode char U+00BA (decimal 186)
   defining Unicode char U+02C6 (decimal 710)
   defining Unicode char U+02DC (decimal 732)
   defining Unicode char U+200C (decimal 8204)
   defining Unicode char U+2026 (decimal 8230)
   defining Unicode char U+2122 (decimal 8482)
   defining Unicode char U+2423 (decimal 9251)
))
(/usr/share/texlive/texmf-dist/tex/latex/lipsum/lipsum.sty
Package: lipsum 2011/04/14 v1.2 150 paragraphs of Lorem Ipsum dummy text
\c@lips@count=\count87
)
(/usr/share/texlive/texmf-dist/tex/latex/placeins/placeins.sty
Package: placeins 2005/04/18  v 2.2
)
(/usr/share/texlive/texmf-dist/tex/latex/listings/listings.sty
(/usr/share/texlive/texmf-dist/tex/latex/graphics/keyval.sty
Package: keyval 1999/03/16 v1.13 key=value parser (DPC)
\KV@toks@=\toks16
)
\lst@mode=\count88
\lst@gtempboxa=\box26
\lst@token=\toks17
\lst@length=\count89
\lst@currlwidth=\dimen103
\lst@column=\count90
\lst@pos=\count91
\lst@lostspace=\dimen104
\lst@width=\dimen105
\lst@newlines=\count92
\lst@lineno=\count93
\lst@maxwidth=\dimen106

(/usr/share/texlive/texmf-dist/tex/latex/listings/lstmisc.sty
File: lstmisc.sty 2013/08/26 1.5b (Carsten Heinz)
\c@lstnumber=\count94
\lst@skipnumbers=\count95
\lst@framebox=\box27
)
(/usr/share/texlive/texmf-dist/tex/latex/listings/listings.cfg
File: listings.cfg 2013/08/26 1.5b listings configuration
))
Package: listings 2013/08/26 1.5b (Carsten Heinz)

(/usr/share/texmf/tex/latex/xcolor/xcolor.sty
Package: xcolor 2007/01/21 v2.11 LaTeX color extensions (UK)

(/usr/share/texlive/texmf-dist/tex/latex/latexconfig/color.cfg
File: color.cfg 2007/01/18 v1.5 color configuration of teTeX/TeXLive
)
Package xcolor Info: Driver file: pdftex.def on input line 225.

(/usr/share/texlive/texmf-dist/tex/latex/pdftex-def/pdftex.def
File: pdftex.def 2011/05/27 v0.06d Graphics/color for pdfTeX

(/usr/share/texlive/texmf-dist/tex/generic/oberdiek/infwarerr.sty
Package: infwarerr 2010/04/08 v1.3 Providing info/warning/error messages (HO)
)
(/usr/share/texlive/texmf-dist/tex/generic/oberdiek/ltxcmds.sty
Package: ltxcmds 2011/11/09 v1.22 LaTeX kernel commands for general use (HO)
)
\Gread@gobject=\count96
)
Package xcolor Info: Model `cmy' substituted by `cmy0' on input line 1337.
Package xcolor Info: Model `hsb' substituted by `rgb' on input line 1341.
Package xcolor Info: Model `RGB' extended on input line 1353.
Package xcolor Info: Model `HTML' substituted by `rgb' on input line 1355.
Package xcolor Info: Model `Hsb' substituted by `hsb' on input line 1356.
Package xcolor Info: Model `tHsb' substituted by `hsb' on input line 1357.
Package xcolor Info: Model `HSB' substituted by `hsb' on input line 1358.
Package xcolor Info: Model `Gray' substituted by `gray' on input line 1359.
Package xcolor Info: Model `wave' substituted by `hsb' on input line 1360.
)
(/usr/share/texlive/texmf-dist/tex/latex/tools/enumerate.sty
Package: enumerate 1999/03/05 v3.00 enumerate extensions (DPC)
\@enLab=\toks18
)
(/usr/share/texlive/texmf-dist/tex/latex/booktabs/booktabs.sty
Package: booktabs 2005/04/14 v1.61803 publication quality tables
\heavyrulewidth=\dimen107
\lightrulewidth=\dimen108
\cmidrulewidth=\dimen109
\belowrulesep=\dimen110
\belowbottomsep=\dimen111
\aboverulesep=\dimen112
\abovetopsep=\dimen113
\cmidrulesep=\dimen114
\cmidrulekern=\dimen115
\defaultaddspace=\dimen116
\@cmidla=\count97
\@cmidlb=\count98
\@aboverulesep=\dimen117
\@belowrulesep=\dimen118
\@thisruleclass=\count99
\@lastruleclass=\count100
\@thisrulewidth=\dimen119
)
(/usr/share/texlive/texmf-dist/tex/latex/vhistory/vhistory.sty
Package: vhistory 

(/usr/share/texlive/texmf-dist/tex/latex/carlisle/ltxtable.sty
Package: ltxtable 1995/12/11 v0.2 longtable/tabularx merge (DPC)

(/usr/share/texlive/texmf-dist/tex/latex/tools/tabularx.sty
Package: tabularx 1999/01/07 v2.07 `tabularx' package (DPC)

(/usr/share/texlive/texmf-dist/tex/latex/tools/array.sty
Package: array 2008/09/09 v2.4c Tabular extension package (FMi)
\col@sep=\dimen120
\extrarowheight=\dimen121
\NC@list=\toks19
\extratabsurround=\skip43
\backup@length=\skip44
)
\TX@col@width=\dimen122
\TX@old@table=\dimen123
\TX@old@col=\dimen124
\TX@target=\dimen125
\TX@delta=\dimen126
\TX@cols=\count101
\TX@ftn=\toks20
)
(/usr/share/texlive/texmf-dist/tex/latex/tools/longtable.sty
Package: longtable 2004/02/01 v4.11 Multi-page Table package (DPC)
\LTleft=\skip45
\LTright=\skip46
\LTpre=\skip47
\LTpost=\skip48
\LTchunksize=\count102
\LTcapwidth=\dimen127
\LT@head=\box28
\LT@firsthead=\box29
\LT@foot=\box30
\LT@lastfoot=\box31
\LT@cols=\count103
\LT@rows=\count104
\c@LT@tables=\count105
\c@LT@chunks=\count106
\LT@p@ftn=\toks21
))
(/usr/share/texlive/texmf-dist/tex/latex/vhistory/sets.sty
Package: sets 
\c@s@tlength=\count107
)
Reading file ppd.hst...
(./ppd.hst)
\vh@verfile=\write3
) (/usr/share/texlive/texmf-dist/tex/latex/graphics/graphicx.sty
Package: graphicx 1999/02/16 v1.0f Enhanced LaTeX Graphics (DPC,SPQR)

(/usr/share/texlive/texmf-dist/tex/latex/graphics/graphics.sty
Package: graphics 2009/02/05 v1.0o Standard LaTeX Graphics (DPC,SPQR)

(/usr/share/texlive/texmf-dist/tex/latex/graphics/trig.sty
Package: trig 1999/03/16 v1.09 sin cos tan (DPC)
)
(/usr/share/texlive/texmf-dist/tex/latex/latexconfig/graphics.cfg
File: graphics.cfg 2010/04/23 v1.9 graphics configuration of TeX Live
)
Package graphics Info: Driver file: pdftex.def on input line 91.
)
\Gin@req@height=\dimen128
\Gin@req@width=\dimen129
)
(/usr/share/texlive/texmf-dist/tex/latex/amsmath/amsmath.sty
Package: amsmath 2013/01/14 v2.14 AMS math features
\@mathmargin=\skip49

For additional information on amsmath, use the `?' option.
(/usr/share/texlive/texmf-dist/tex/latex/amsmath/amstext.sty
Package: amstext 2000/06/29 v2.01

(/usr/share/texlive/texmf-dist/tex/latex/amsmath/amsgen.sty
File: amsgen.sty 1999/11/30 v2.0
\@emptytoks=\toks22
\ex@=\dimen130
))
(/usr/share/texlive/texmf-dist/tex/latex/amsmath/amsbsy.sty
Package: amsbsy 1999/11/29 v1.2d
\pmbraise@=\dimen131
)
(/usr/share/texlive/texmf-dist/tex/latex/amsmath/amsopn.sty
Package: amsopn 1999/12/14 v2.01 operator names
)
\inf@bad=\count108
LaTeX Info: Redefining \frac on input line 210.
\uproot@=\count109
\leftroot@=\count110
LaTeX Info: Redefining \overline on input line 306.
\classnum@=\count111
\DOTSCASE@=\count112
LaTeX Info: Redefining \ldots on input line 378.
LaTeX Info: Redefining \dots on input line 381.
LaTeX Info: Redefining \cdots on input line 466.
\Mathstrutbox@=\box32
\strutbox@=\box33
\big@size=\dimen132
LaTeX Font Info:    Redeclaring font encoding OML on input line 566.
LaTeX Font Info:    Redeclaring font encoding OMS on input line 567.
\macc@depth=\count113
\c@MaxMatrixCols=\count114
\dotsspace@=\muskip10
\c@parentequation=\count115
\dspbrk@lvl=\count116
\tag@help=\toks23
\row@=\count117
\column@=\count118
\maxfields@=\count119
\andhelp@=\toks24
\eqnshift@=\dimen133
\alignsep@=\dimen134
\tagshift@=\dimen135
\tagwidth@=\dimen136
\totwidth@=\dimen137
\lineht@=\dimen138
\@envbody=\toks25
\multlinegap=\skip50
\multlinetaggap=\skip51
\mathdisplay@stack=\toks26
LaTeX Info: Redefining \[ on input line 2665.
LaTeX Info: Redefining \] on input line 2666.
)
(/usr/share/texlive/texmf-dist/tex/latex/float/float.sty
Package: float 2001/11/08 v1.3d Float enhancements (AL)
\c@float@type=\count120
\float@exts=\toks27
\float@box=\box34
\@float@everytoks=\toks28
\@floatcapt=\box35
)
(/usr/share/texlive/texmf-dist/tex/latex/base/fixltx2e.sty
Package: fixltx2e 2006/09/13 v1.1m fixes to LaTeX
LaTeX Info: Redefining \em on input line 420.
LaTeX Info: The control sequence `\[' is already robust on input line 471.
LaTeX Info: The control sequence `\]' is already robust on input line 472.
)
(/usr/share/texlive/texmf-dist/tex/latex/rotating/rotating.sty
Package: rotating 2009/03/28 v2.16a rotated objects in LaTeX

(/usr/share/texlive/texmf-dist/tex/latex/base/ifthen.sty
Package: ifthen 2001/05/26 v1.1c Standard LaTeX ifthen package (DPC)
)
\c@r@tfl@t=\count121
\rotFPtop=\skip52
\rotFPbot=\skip53
\rot@float@box=\box36
\rot@mess@toks=\toks29
)
(/usr/share/texlive/texmf-dist/tex/latex/tools/afterpage.sty
Package: afterpage 1995/10/27 v1.08 After-Page Package (DPC)
\AP@output=\toks30
\AP@partial=\box37
\AP@footins=\box38
)
(/usr/share/texlive/texmf-dist/tex/latex/geometry/geometry.sty
Package: geometry 2010/09/12 v5.6 Page Geometry

(/usr/share/texlive/texmf-dist/tex/generic/oberdiek/ifpdf.sty
Package: ifpdf 2011/01/30 v2.3 Provides the ifpdf switch (HO)
Package ifpdf Info: pdfTeX in PDF mode is detected.
)
(/usr/share/texlive/texmf-dist/tex/generic/oberdiek/ifvtex.sty
Package: ifvtex 2010/03/01 v1.5 Detect VTeX and its facilities (HO)
Package ifvtex Info: VTeX not detected.
)
(/usr/share/texlive/texmf-dist/tex/generic/ifxetex/ifxetex.sty
Package: ifxetex 2010/09/12 v0.6 Provides ifxetex conditional
)
\Gm@cnth=\count122
\Gm@cntv=\count123
\c@Gm@tempcnt=\count124
\Gm@bindingoffset=\dimen139
\Gm@wd@mp=\dimen140
\Gm@odd@mp=\dimen141
\Gm@even@mp=\dimen142
\Gm@layoutwidth=\dimen143
\Gm@layoutheight=\dimen144
\Gm@layouthoffset=\dimen145
\Gm@layoutvoffset=\dimen146
\Gm@dimlist=\toks31
)
(/usr/share/texlive/texmf-dist/tex/latex/changepage/changepage.sty
Package: changepage 2009/10/20 v1.0c check page and change page layout
\c@cp@cntr=\count125
\cp@tempcnt=\count126
) (./ppd.aux)
\openout1 = `ppd.aux'.

LaTeX Font Info:    Checking defaults for OML/cmm/m/it on input line 24.
LaTeX Font Info:    ... okay on input line 24.
LaTeX Font Info:    Checking defaults for T1/cmr/m/n on input line 24.
LaTeX Font Info:    ... okay on input line 24.
LaTeX Font Info:    Checking defaults for OT1/cmr/m/n on input line 24.
LaTeX Font Info:    ... okay on input line 24.
LaTeX Font Info:    Checking defaults for OMS/cmsy/m/n on input line 24.
LaTeX Font Info:    ... okay on input line 24.
LaTeX Font Info:    Checking defaults for OMX/cmex/m/n on input line 24.
LaTeX Font Info:    ... okay on input line 24.
LaTeX Font Info:    Checking defaults for U/cmr/m/n on input line 24.
LaTeX Font Info:    ... okay on input line 24.
\c@lstlisting=\count127
(/usr/share/texlive/texmf-dist/tex/context/base/supp-pdf.mkii
[Loading MPS to PDF converter (version 2006.09.02).]
\scratchcounter=\count128
\scratchdimen=\dimen147
\scratchbox=\box39
\nofMPsegments=\count129
\nofMParguments=\count130
\everyMPshowfont=\toks32
\MPscratchCnt=\count131
\MPscratchDim=\dimen148
\MPnumerator=\count132
\makeMPintoPDFobject=\count133
\everyMPtoPDFconversion=\toks33
) (/usr/share/texlive/texmf-dist/tex/generic/oberdiek/pdftexcmds.sty
Package: pdftexcmds 2011/11/29 v0.20 Utility functions of pdfTeX for LuaTeX (HO
)

(/usr/share/texlive/texmf-dist/tex/generic/oberdiek/ifluatex.sty
Package: ifluatex 2010/03/01 v1.3 Provides the ifluatex switch (HO)
Package ifluatex Info: LuaTeX not detected.
)
Package pdftexcmds Info: LuaTeX not detected.
Package pdftexcmds Info: \pdf@primitive is available.
Package pdftexcmds Info: \pdf@ifprimitive is available.
Package pdftexcmds Info: \pdfdraftmode found.
)
(/usr/share/texlive/texmf-dist/tex/latex/oberdiek/epstopdf-base.sty
Package: epstopdf-base 2010/02/09 v2.5 Base part for package epstopdf

(/usr/share/texlive/texmf-dist/tex/latex/oberdiek/grfext.sty
Package: grfext 2010/08/19 v1.1 Manage graphics extensions (HO)

(/usr/share/texlive/texmf-dist/tex/generic/oberdiek/kvdefinekeys.sty
Package: kvdefinekeys 2011/04/07 v1.3 Define keys (HO)
))
(/usr/share/texlive/texmf-dist/tex/latex/oberdiek/kvoptions.sty
Package: kvoptions 2011/06/30 v3.11 Key value format for package options (HO)

(/usr/share/texlive/texmf-dist/tex/generic/oberdiek/kvsetkeys.sty
Package: kvsetkeys 2012/04/25 v1.16 Key value parser (HO)

(/usr/share/texlive/texmf-dist/tex/generic/oberdiek/etexcmds.sty
Package: etexcmds 2011/02/16 v1.5 Avoid name clashes with e-TeX commands (HO)
Package etexcmds Info: Could not find \expanded.
(etexcmds)             That can mean that you are not using pdfTeX 1.50 or
(etexcmds)             that some package has redefined \expanded.
(etexcmds)             In the latter case, load this package earlier.
)))
Package grfext Info: Graphics extension search list:
(grfext)             [.png,.pdf,.jpg,.mps,.jpeg,.jbig2,.jb2,.PNG,.PDF,.JPG,.JPE
G,.JBIG2,.JB2,.eps]
(grfext)             \AppendGraphicsExtensions on input line 452.

(/usr/share/texlive/texmf-dist/tex/latex/latexconfig/epstopdf-sys.cfg
File: epstopdf-sys.cfg 2010/07/13 v1.3 Configuration of (r)epstopdf for TeX Liv
e
))
*geometry* driver: auto-detecting
*geometry* detected driver: pdftex
*geometry* verbose mode - [ preamble ] result:
* driver: pdftex
* paper: a4paper
* layout: <same size as paper>
* layoutoffset:(h,v)=(0.0pt,0.0pt)
* modes: 
* h-part:(L,W,R)=(89.62709pt, 418.25368pt, 89.6271pt)
* v-part:(T,H,B)=(101.40665pt, 591.5302pt, 152.11pt)
* \paperwidth=597.50787pt
* \paperheight=845.04684pt
* \textwidth=418.25368pt
* \textheight=591.5302pt
* \oddsidemargin=17.3571pt
* \evensidemargin=17.3571pt
* \topmargin=-7.86334pt
* \headheight=12.0pt
* \headsep=25.0pt
* \topskip=10.0pt
* \footskip=30.0pt
* \marginparwidth=57.0pt
* \marginparsep=11.0pt
* \columnsep=10.0pt
* \skip\footins=9.0pt plus 4.0pt minus 2.0pt
* \hoffset=0.0pt
* \voffset=0.0pt
* \mag=1000
* \@twocolumnfalse
* \@twosidefalse
* \@mparswitchfalse
* \@reversemarginfalse
* (1in=72.27pt=25.4mm, 1cm=28.453pt)

<Resources/logoPolimi.png, id=1, 481.8pt x 347.2975pt>
File: Resources/logoPolimi.png Graphic file (type png)

<use Resources/logoPolimi.png>
Package pdftex.def Info: Resources/logoPolimi.png used on input line 28.
(pdftex.def)             Requested size: 144.5411pt x 104.19005pt.
 [1

{/var/lib/texmf/fonts/map/pdftex/updmap/pdftex.map} <./Resources/logoPolimi.png
>]
\openout3 = `ppd.ver'.

\vh@hstfile=\write4
\openout4 = `ppd.hst'.

 (./ppd.ver) (./ppd.ver) (./ppd.ver)
[2] (./ppd.toc)
\tf@toc=\write5
\openout5 = `ppd.toc'.

 [3] [1] [2] <Resources/ilf.png, id=25, 891.33pt x 346.29375pt>
File: Resources/ilf.png Graphic file (type png)

<use Resources/ilf.png>
Package pdftex.def Info: Resources/ilf.png used on input line 123.
(pdftex.def)             Requested size: 267.40106pt x 103.88892pt.

<Resources/einpu.png, id=27, 534.99875pt x 225.84375pt>
File: Resources/einpu.png Graphic file (type png)

<use Resources/einpu.png>
Package pdftex.def Info: Resources/einpu.png used on input line 128.
(pdftex.def)             Requested size: 246.1024pt x 103.88937pt.
 <Resources/eoei.png, id=28, 523.9575pt x 230.8625pt>
File: Resources/eoei.png Graphic file (type png)

<use Resources/eoei.png>
Package pdftex.def Info: Resources/eoei.png used on input line 133.
(pdftex.def)             Requested size: 241.02338pt x 106.19803pt.

<Resources/complwe.png, id=29, 687.56876pt x 305.14pt>
File: Resources/complwe.png Graphic file (type png)

<use Resources/complwe.png>
Package pdftex.def Info: Resources/complwe.png used on input line 138.
(pdftex.def)             Requested size: 316.28546pt x 140.36609pt.


LaTeX Warning: `h' float specifier changed to `ht'.


LaTeX Warning: `h' float specifier changed to `ht'.

[3 <./Resources/ilf.png> <./Resources/einpu.png>]
<Resources/intlogic.png, id=35, 1301.86375pt x 752.8125pt>
File: Resources/intlogic.png Graphic file (type png)

<use Resources/intlogic.png>
Package pdftex.def Info: Resources/intlogic.png used on input line 159.
(pdftex.def)             Requested size: 260.36813pt x 150.55983pt.


LaTeX Warning: `h' float specifier changed to `ht'.

<Resources/exlogic.png, id=36, 1301.86375pt x 590.205pt>
File: Resources/exlogic.png Graphic file (type png)

<use Resources/exlogic.png>
Package pdftex.def Info: Resources/exlogic.png used on input line 173.
(pdftex.def)             Requested size: 260.36813pt x 118.0389pt.
 [4 <./Resources/eoei.png> <./Resources/complwe.png>] [5 <./Resources/intlogic.
png> <./Resources/exlogic.png>]
<Resources/exinput.png, id=48, 1301.86375pt x 752.8125pt>
File: Resources/exinput.png Graphic file (type png)

<use Resources/exinput.png>
Package pdftex.def Info: Resources/exinput.png used on input line 203.
(pdftex.def)             Requested size: 260.36813pt x 150.55983pt.
 [6 <./Resources/exinput.png>]
<Resources/inquiries.png, id=53, 1300.86pt x 426.59375pt>
File: Resources/inquiries.png Graphic file (type png)

<use Resources/inquiries.png>
Package pdftex.def Info: Resources/inquiries.png used on input line 221.
(pdftex.def)             Requested size: 260.16739pt x 85.31723pt.

<Resources/outputs.png, id=54, 1300.86pt x 262.9825pt>
File: Resources/outputs.png Graphic file (type png)

<use Resources/outputs.png>
Package pdftex.def Info: Resources/outputs.png used on input line 230.
(pdftex.def)             Requested size: 260.16739pt x 52.59557pt.

<Resources/overall.png, id=55, 907.39pt x 588.1975pt>
File: Resources/overall.png Graphic file (type png)

<use Resources/overall.png>
Package pdftex.def Info: Resources/overall.png used on input line 237.
(pdftex.def)             Requested size: 181.47478pt x 117.6374pt.

<Resources/sloc.png, id=56, 1254.6875pt x 141.52875pt>
File: Resources/sloc.png Graphic file (type png)

<use Resources/sloc.png>
Package pdftex.def Info: Resources/sloc.png used on input line 249.
(pdftex.def)             Requested size: 401.50821pt x 45.29012pt.


LaTeX Warning: `h' float specifier changed to `ht'.

[7 <./Resources/inquiries.png> <./Resources/outputs.png>]
<Resources/cocomo/cocomo_ge.png, id=62, 1034.86626pt x 756.8275pt>
File: Resources/cocomo/cocomo_ge.png Graphic file (type png)

<use Resources/cocomo/cocomo_ge.png>
Package pdftex.def Info: Resources/cocomo/cocomo_ge.png used on input line 262.

(pdftex.def)             Requested size: 331.16397pt x 242.18974pt.


LaTeX Warning: `h' float specifier changed to `ht'.

[8 <./Resources/overall.png> <./Resources/sloc.png>]
<Resources/cocomo/resume1.png, id=68, 532.99126pt x 289.08pt>
File: Resources/cocomo/resume1.png Graphic file (type png)

<use Resources/cocomo/resume1.png>
Package pdftex.def Info: Resources/cocomo/resume1.png used on input line 275.
(pdftex.def)             Requested size: 170.56068pt x 92.50748pt.


LaTeX Warning: `h' float specifier changed to `ht'.

[9 <./Resources/cocomo/cocomo_ge.png>]
<Resources/cocomo/rely.png, id=73, 1039.885pt x 162.6075pt>
File: Resources/cocomo/rely.png Graphic file (type png)

<use Resources/cocomo/rely.png>
Package pdftex.def Info: Resources/cocomo/rely.png used on input line 283.
(pdftex.def)             Requested size: 332.76999pt x 52.03546pt.

<Resources/cocomo/data.png, id=74, 1051.93pt x 140.525pt>
File: Resources/cocomo/data.png Graphic file (type png)

<use Resources/cocomo/data.png>
Package pdftex.def Info: Resources/cocomo/data.png used on input line 288.
(pdftex.def)             Requested size: 336.62448pt x 44.9689pt.

<Resources/cocomo/ruse.png, id=75, 1046.91125pt x 164.615pt>
File: Resources/cocomo/ruse.png Graphic file (type png)

<use Resources/cocomo/ruse.png>
Package pdftex.def Info: Resources/cocomo/ruse.png used on input line 302.
(pdftex.def)             Requested size: 335.01845pt x 52.67787pt.


LaTeX Warning: `!h' float specifier changed to `!ht'.

[10 <./Resources/cocomo/resume1.png> <./Resources/cocomo/rely.png> <./Resources
/cocomo/data.png>] <Resources/cocomo/docu.png, id=83, 1051.93pt x 165.61874pt>
File: Resources/cocomo/docu.png Graphic file (type png)

<use Resources/cocomo/docu.png>
Package pdftex.def Info: Resources/cocomo/docu.png used on input line 306.
(pdftex.def)             Requested size: 336.62448pt x 52.99907pt.

<Resources/cocomo/time.png, id=84, 1044.90375pt x 164.615pt>
File: Resources/cocomo/time.png Graphic file (type png)

<use Resources/cocomo/time.png>
Package pdftex.def Info: Resources/cocomo/time.png used on input line 311.
(pdftex.def)             Requested size: 334.37602pt x 52.67787pt.

<Resources/cocomo/stor.png, id=85, 1046.91125pt x 139.52126pt>
File: Resources/cocomo/stor.png Graphic file (type png)

<use Resources/cocomo/stor.png>
Package pdftex.def Info: Resources/cocomo/stor.png used on input line 316.
(pdftex.def)             Requested size: 335.01845pt x 44.6477pt.

<Resources/cocomo/pvol.png, id=86, 1051.93pt x 213.79875pt>
File: Resources/cocomo/pvol.png Graphic file (type png)

<use Resources/cocomo/pvol.png>
Package pdftex.def Info: Resources/cocomo/pvol.png used on input line 321.
(pdftex.def)             Requested size: 336.62448pt x 68.41699pt.

<Resources/cocomo/acap.png, id=87, 1045.9075pt x 114.4275pt>
File: Resources/cocomo/acap.png Graphic file (type png)

<use Resources/cocomo/acap.png>
Package pdftex.def Info: Resources/cocomo/acap.png used on input line 326.
(pdftex.def)             Requested size: 334.69724pt x 36.61754pt.


LaTeX Warning: `!h' float specifier changed to `!ht'.

[11 <./Resources/cocomo/ruse.png> <./Resources/cocomo/docu.png> <./Resources/co
como/time.png> <./Resources/cocomo/stor.png> <./Resources/cocomo/pvol.png>]
<Resources/cocomo/pcap.png, id=96, 1055.945pt x 114.4275pt>
File: Resources/cocomo/pcap.png Graphic file (type png)

<use Resources/cocomo/pcap.png>
Package pdftex.def Info: Resources/cocomo/pcap.png used on input line 331.
(pdftex.def)             Requested size: 337.9093pt x 36.61754pt.

<Resources/cocomo/pcon.png, id=97, 2107.875pt x 176.66pt>
File: Resources/cocomo/pcon.png Graphic file (type png)

<use Resources/cocomo/pcon.png>
Package pdftex.def Info: Resources/cocomo/pcon.png used on input line 336.
(pdftex.def)             Requested size: 358.33401pt x 30.0318pt.

<Resources/cocomo/apex.png, id=98, 2105.8675pt x 188.705pt>
File: Resources/cocomo/apex.png Graphic file (type png)

<use Resources/cocomo/apex.png>
Package pdftex.def Info: Resources/cocomo/apex.png used on input line 341.
(pdftex.def)             Requested size: 357.99274pt x 32.07942pt.

<Resources/cocomo/plex.png, id=99, 2101.8525pt x 186.6975pt>
File: Resources/cocomo/plex.png Graphic file (type png)

<use Resources/cocomo/plex.png>
Package pdftex.def Info: Resources/cocomo/plex.png used on input line 346.
(pdftex.def)             Requested size: 357.3102pt x 31.73814pt.

<Resources/cocomo/ltex.png, id=100, 2111.89pt x 184.69pt>
File: Resources/cocomo/ltex.png Graphic file (type png)

<use Resources/cocomo/ltex.png>
Package pdftex.def Info: Resources/cocomo/ltex.png used on input line 351.
(pdftex.def)             Requested size: 359.01656pt x 31.39688pt.

<Resources/cocomo/tool.png, id=101, 1052.93375pt x 316.18124pt>
File: Resources/cocomo/tool.png Graphic file (type png)

<use Resources/cocomo/tool.png>
Package pdftex.def Info: Resources/cocomo/tool.png used on input line 356.
(pdftex.def)             Requested size: 336.94568pt x 101.18005pt.


LaTeX Warning: `!h' float specifier changed to `!ht'.

[12 <./Resources/cocomo/acap.png> <./Resources/cocomo/pcap.png> <./Resources/co
como/pcon.png> <./Resources/cocomo/apex.png> <./Resources/cocomo/plex.png> <./R
esources/cocomo/ltex.png>]
<Resources/cocomo/site.png, id=107, 1049.9225pt x 264.99pt>
File: Resources/cocomo/site.png Graphic file (type png)

<use Resources/cocomo/site.png>
Package pdftex.def Info: Resources/cocomo/site.png used on input line 361.
(pdftex.def)             Requested size: 335.98206pt x 84.79852pt.

<Resources/cocomo/sced.png, id=108, 1051.93pt x 119.44624pt>
File: Resources/cocomo/sced.png Graphic file (type png)

<use Resources/cocomo/sced.png>
Package pdftex.def Info: Resources/cocomo/sced.png used on input line 366.
(pdftex.def)             Requested size: 336.62448pt x 38.22357pt.

<Resources/cocomo/resume2.png, id=109, 533.995pt x 900.36375pt>
File: Resources/cocomo/resume2.png Graphic file (type png)

<use Resources/cocomo/resume2.png>
Package pdftex.def Info: Resources/cocomo/resume2.png used on input line 374.
(pdftex.def)             Requested size: 213.59421pt x 360.13911pt.


LaTeX Warning: `!h' float specifier changed to `!ht'.

[13 <./Resources/cocomo/tool.png> <./Resources/cocomo/site.png> <./Resources/co
como/sced.png>]
! Missing $ inserted.
<inserted text> 
                $
l.390     Effort_
                 {lb} = A * EAF * KSLOC_{lb}\textsuperscript{E} = 2.94 * 1.5...
I've inserted a begin-math/end-math symbol since I think
you left one out. Proceed, with fingers crossed.


! LaTeX Error: There's no line here to end.

See the LaTeX manual or LaTeX Companion for explanation.
Type  H <return>  for immediate help.
 ...                                              
                                                  
l.390 ... 6.9\textsuperscript{1.0174} = 32.29 PM\\
                                                  \bigskip
Your command was ignored.
Type  I <command> <return>  to replace it with another command,
or  <return>  to continue without it.

! Missing $ inserted.
<inserted text> 
                $
l.390 ... 6.9\textsuperscript{1.0174} = 32.29 PM\\
                                                  \bigskip
I've inserted a begin-math/end-math symbol since I think
you left one out. Proceed, with fingers crossed.

! Missing } inserted.
<inserted text> 
                }
l.390 ... 6.9\textsuperscript{1.0174} = 32.29 PM\\
                                                  \bigskip
I've inserted something that you may have forgotten.
(See the <inserted text> above.)
With luck, this will get me unwedged. But if you
really didn't forget anything, try typing `2' now; then
my insertion and my current dilemma will both disappear.

! Extra }, or forgotten \endgroup.
\par ...m \@noitemerr {\@@par }\fi \else {\@@par }
                                                  \fi 
l.390 ... 6.9\textsuperscript{1.0174} = 32.29 PM\\
                                                  \bigskip
I've deleted a group-closing symbol because it seems to be
spurious, as in `$x}$'. But perhaps the } is legitimate and
you forgot something else, as in `\hbox{$x}'. In such cases
the way to recover is to insert both the forgotten and the
deleted material, e.g., by typing `I$}'.

[14 <./Resources/cocomo/resume2.png>]
! Missing $ inserted.
<inserted text> 
                $
l.391     Effort_
                 {ub} = A * EAF * KSLOC_{ub}\textsuperscript{E} = 2.94 * 1.5...
I've inserted a begin-math/end-math symbol since I think
you left one out. Proceed, with fingers crossed.


! LaTeX Error: There's no line here to end.

See the LaTeX manual or LaTeX Companion for explanation.
Type  H <return>  for immediate help.
 ...                                              
                                                  
l.392     \\
            \bigskip
Your command was ignored.
Type  I <command> <return>  to replace it with another command,
or  <return>  to continue without it.

! Missing $ inserted.
<inserted text> 
                $
l.392     \\
            \bigskip
I've inserted a begin-math/end-math symbol since I think
you left one out. Proceed, with fingers crossed.

! Missing } inserted.
<inserted text> 
                }
l.392     \\
            \bigskip
I've inserted something that you may have forgotten.
(See the <inserted text> above.)
With luck, this will get me unwedged. But if you
really didn't forget anything, try typing `2' now; then
my insertion and my current dilemma will both disappear.

! Extra }, or forgotten \endgroup.
\par ...m \@noitemerr {\@@par }\fi \else {\@@par }
                                                  \fi 
l.392     \\
            \bigskip
I've deleted a group-closing symbol because it seems to be
spurious, as in `$x}$'. But perhaps the } is legitimate and
you forgot something else, as in `\hbox{$x}'. In such cases
the way to recover is to insert both the forgotten and the
deleted material, e.g., by typing `I$}'.

! Missing $ inserted.
<inserted text> 
                $
l.403     Duration_
                   {lb} = 3.67 * Effort_{lb}\textsuperscript{F} = 3.67 * 32....
I've inserted a begin-math/end-math symbol since I think
you left one out. Proceed, with fingers crossed.


! LaTeX Error: There's no line here to end.

See the LaTeX manual or LaTeX Companion for explanation.
Type  H <return>  for immediate help.
 ...                                              
                                                  
l.403 ...\textsuperscript{0.3014} = 10.45 Months\\
                                                  \bigskip
Your command was ignored.
Type  I <command> <return>  to replace it with another command,
or  <return>  to continue without it.

! Missing $ inserted.
<inserted text> 
                $
l.403 ...\textsuperscript{0.3014} = 10.45 Months\\
                                                  \bigskip
I've inserted a begin-math/end-math symbol since I think
you left one out. Proceed, with fingers crossed.

! Missing } inserted.
<inserted text> 
                }
l.403 ...\textsuperscript{0.3014} = 10.45 Months\\
                                                  \bigskip
I've inserted something that you may have forgotten.
(See the <inserted text> above.)
With luck, this will get me unwedged. But if you
really didn't forget anything, try typing `2' now; then
my insertion and my current dilemma will both disappear.

! Extra }, or forgotten \endgroup.
\par ...m \@noitemerr {\@@par }\fi \else {\@@par }
                                                  \fi 
l.403 ...\textsuperscript{0.3014} = 10.45 Months\\
                                                  \bigskip
I've deleted a group-closing symbol because it seems to be
spurious, as in `$x}$'. But perhaps the } is legitimate and
you forgot something else, as in `\hbox{$x}'. In such cases
the way to recover is to insert both the forgotten and the
deleted material, e.g., by typing `I$}'.

! Missing $ inserted.
<inserted text> 
                $
l.404     Duration_
                   {ub} = 3.67 * Effort_{ub}\textsuperscript{F} = 3.67 * 47....
I've inserted a begin-math/end-math symbol since I think
you left one out. Proceed, with fingers crossed.


! LaTeX Error: There's no line here to end.

See the LaTeX manual or LaTeX Companion for explanation.
Type  H <return>  for immediate help.
 ...                                              
                                                  
l.404 ...\textsuperscript{0.3014} = 11.73 Months\\
                                                  \bigskip
Your command was ignored.
Type  I <command> <return>  to replace it with another command,
or  <return>  to continue without it.

! Missing $ inserted.
<inserted text> 
                $
l.404 ...\textsuperscript{0.3014} = 11.73 Months\\
                                                  \bigskip
I've inserted a begin-math/end-math symbol since I think
you left one out. Proceed, with fingers crossed.

! Missing } inserted.
<inserted text> 
                }
l.404 ...\textsuperscript{0.3014} = 11.73 Months\\
                                                  \bigskip
I've inserted something that you may have forgotten.
(See the <inserted text> above.)
With luck, this will get me unwedged. But if you
really didn't forget anything, try typing `2' now; then
my insertion and my current dilemma will both disappear.

! Extra }, or forgotten \endgroup.
\par ...m \@noitemerr {\@@par }\fi \else {\@@par }
                                                  \fi 
l.404 ...\textsuperscript{0.3014} = 11.73 Months\\
                                                  \bigskip
I've deleted a group-closing symbol because it seems to be
spurious, as in `$x}$'. But perhaps the } is legitimate and
you forgot something else, as in `\hbox{$x}'. In such cases
the way to recover is to insert both the forgotten and the
deleted material, e.g., by typing `I$}'.

[15] <Resources/gant1.png, id=127, 863.225pt x 794.97pt>
File: Resources/gant1.png Graphic file (type png)

<use Resources/gant1.png>
Package pdftex.def Info: Resources/gant1.png used on input line 416.
(pdftex.def)             Requested size: 431.61145pt x 397.48402pt.

Overfull \hbox (13.35777pt too wide) in paragraph at lines 416--417
 [][] 
 []

<Resources/gant2.png, id=128, 896.34875pt x 830.10126pt>
File: Resources/gant2.png Graphic file (type png)

<use Resources/gant2.png>
Package pdftex.def Info: Resources/gant2.png used on input line 420.
(pdftex.def)             Requested size: 448.17328pt x 415.04962pt.

Overfull \hbox (29.9196pt too wide) in paragraph at lines 420--421
 [][] 
 []


LaTeX Warning: `!h' float specifier changed to `!ht'.

[16

 <./Resources/gant1.png>] [17 <./Resources/gant2.png>]
<Resources/scheduleJoanico.png, id=138, 864.22874pt x 1090.0725pt>
File: Resources/scheduleJoanico.png Graphic file (type png)

<use Resources/scheduleJoanico.png>
Package pdftex.def Info: Resources/scheduleJoanico.png used on input line 431.
(pdftex.def)             Requested size: 432.11331pt x 545.03491pt.

Overfull \hbox (13.85963pt too wide) in paragraph at lines 431--432
 [][] 
 []


LaTeX Warning: `!h' float specifier changed to `!ht'.

[18

] <Resources/ggdas.png, id=142, 894.34125pt x 860.21375pt>
File: Resources/ggdas.png Graphic file (type png)

<use Resources/ggdas.png>
Package pdftex.def Info: Resources/ggdas.png used on input line 435.
(pdftex.def)             Requested size: 447.16953pt x 430.10582pt.

Overfull \hbox (28.91585pt too wide) in paragraph at lines 435--436
 [][] 
 []


LaTeX Warning: `!h' float specifier changed to `!ht'.

[19 <./Resources/scheduleJoanico.png>] [20 <./Resources/ggdas.png>] [21


]
[22] (./ppd.aux) ) 
Here is how much of TeX's memory you used:
 5610 strings out of 493304
 76645 string characters out of 6139871
 246969 words of memory out of 5000000
 8915 multiletter control sequences out of 15000+600000
 9023 words of font info for 33 fonts, out of 8000000 for 9000
 957 hyphenation exceptions out of 8191
 38i,8n,35p,492b,306s stack positions out of 5000i,500n,10000p,200000b,80000s
</usr/share/texlive/texmf-dist/fonts/type1/public/amsfonts/cm
/cmbx10.pfb></usr/share/texlive/texmf-dist/fonts/type1/public/amsfonts/cm/cmbx1
2.pfb></usr/share/texlive/texmf-dist/fonts/type1/public/amsfonts/cm/cmex10.pfb>
</usr/share/texlive/texmf-dist/fonts/type1/public/amsfonts/cm/cmmi10.pfb></usr/
share/texlive/texmf-dist/fonts/type1/public/amsfonts/cm/cmmi7.pfb></usr/share/t
exlive/texmf-dist/fonts/type1/public/amsfonts/cm/cmr10.pfb></usr/share/texlive/
texmf-dist/fonts/type1/public/amsfonts/cm/cmr12.pfb></usr/share/texlive/texmf-d
ist/fonts/type1/public/amsfonts/cm/cmr17.pfb></usr/share/texlive/texmf-dist/fon
ts/type1/public/amsfonts/cm/cmr7.pfb></usr/share/texlive/texmf-dist/fonts/type1
/public/amsfonts/cm/cmsy10.pfb>
Output written on ppd.pdf (25 pages, 11322480 bytes).
PDF statistics:
 191 PDF objects out of 1000 (max. 8388607)
 88 compressed objects within 1 object stream
 0 named destinations out of 1000 (max. 500000)
 176 words of extra memory for PDF output out of 10000 (max. 10000000)

