This is pdfTeX, Version 3.1415926-2.5-1.40.14 (TeX Live 2013/Debian) (format=pdflatex 2016.6.15)  13 NOV 2016 23:33
entering extended mode
 restricted \write18 enabled.
 %&-line parsing enabled.
**rasdArticle
(./rasdArticle
LaTeX2e <2011/06/27>
Babel <3.9h> and hyphenation patterns for 78 languages loaded.
(/usr/share/texlive/texmf-dist/tex/latex/base/article.cls
Document Class: article 2007/10/19 v1.4h Standard LaTeX document class
(/usr/share/texlive/texmf-dist/tex/latex/base/size10.clo
File: size10.clo 2007/10/19 v1.4h Standard LaTeX file (size option)
)
\c@part=\count79
\c@section=\count80
\c@subsection=\count81
\c@subsubsection=\count82
\c@paragraph=\count83
\c@subparagraph=\count84
\c@figure=\count85
\c@table=\count86
\abovecaptionskip=\skip41
\belowcaptionskip=\skip42
\bibindent=\dimen102
)
(/usr/share/texlive/texmf-dist/tex/latex/base/inputenc.sty
Package: inputenc 2008/03/30 v1.1d Input encoding file
\inpenc@prehook=\toks14
\inpenc@posthook=\toks15

(/usr/share/texlive/texmf-dist/tex/latex/base/utf8.def
File: utf8.def 2008/04/05 v1.1m UTF-8 support for inputenc
Now handling font encoding OML ...
... no UTF-8 mapping file for font encoding OML
Now handling font encoding T1 ...
... processing UTF-8 mapping file for font encoding T1

(/usr/share/texlive/texmf-dist/tex/latex/base/t1enc.dfu
File: t1enc.dfu 2008/04/05 v1.1m UTF-8 support for inputenc
   defining Unicode char U+00A1 (decimal 161)
   defining Unicode char U+00A3 (decimal 163)
   defining Unicode char U+00AB (decimal 171)
   defining Unicode char U+00BB (decimal 187)
   defining Unicode char U+00BF (decimal 191)
   defining Unicode char U+00C0 (decimal 192)
   defining Unicode char U+00C1 (decimal 193)
   defining Unicode char U+00C2 (decimal 194)
   defining Unicode char U+00C3 (decimal 195)
   defining Unicode char U+00C4 (decimal 196)
   defining Unicode char U+00C5 (decimal 197)
   defining Unicode char U+00C6 (decimal 198)
   defining Unicode char U+00C7 (decimal 199)
   defining Unicode char U+00C8 (decimal 200)
   defining Unicode char U+00C9 (decimal 201)
   defining Unicode char U+00CA (decimal 202)
   defining Unicode char U+00CB (decimal 203)
   defining Unicode char U+00CC (decimal 204)
   defining Unicode char U+00CD (decimal 205)
   defining Unicode char U+00CE (decimal 206)
   defining Unicode char U+00CF (decimal 207)
   defining Unicode char U+00D0 (decimal 208)
   defining Unicode char U+00D1 (decimal 209)
   defining Unicode char U+00D2 (decimal 210)
   defining Unicode char U+00D3 (decimal 211)
   defining Unicode char U+00D4 (decimal 212)
   defining Unicode char U+00D5 (decimal 213)
   defining Unicode char U+00D6 (decimal 214)
   defining Unicode char U+00D8 (decimal 216)
   defining Unicode char U+00D9 (decimal 217)
   defining Unicode char U+00DA (decimal 218)
   defining Unicode char U+00DB (decimal 219)
   defining Unicode char U+00DC (decimal 220)
   defining Unicode char U+00DD (decimal 221)
   defining Unicode char U+00DE (decimal 222)
   defining Unicode char U+00DF (decimal 223)
   defining Unicode char U+00E0 (decimal 224)
   defining Unicode char U+00E1 (decimal 225)
   defining Unicode char U+00E2 (decimal 226)
   defining Unicode char U+00E3 (decimal 227)
   defining Unicode char U+00E4 (decimal 228)
   defining Unicode char U+00E5 (decimal 229)
   defining Unicode char U+00E6 (decimal 230)
   defining Unicode char U+00E7 (decimal 231)
   defining Unicode char U+00E8 (decimal 232)
   defining Unicode char U+00E9 (decimal 233)
   defining Unicode char U+00EA (decimal 234)
   defining Unicode char U+00EB (decimal 235)
   defining Unicode char U+00EC (decimal 236)
   defining Unicode char U+00ED (decimal 237)
   defining Unicode char U+00EE (decimal 238)
   defining Unicode char U+00EF (decimal 239)
   defining Unicode char U+00F0 (decimal 240)
   defining Unicode char U+00F1 (decimal 241)
   defining Unicode char U+00F2 (decimal 242)
   defining Unicode char U+00F3 (decimal 243)
   defining Unicode char U+00F4 (decimal 244)
   defining Unicode char U+00F5 (decimal 245)
   defining Unicode char U+00F6 (decimal 246)
   defining Unicode char U+00F8 (decimal 248)
   defining Unicode char U+00F9 (decimal 249)
   defining Unicode char U+00FA (decimal 250)
   defining Unicode char U+00FB (decimal 251)
   defining Unicode char U+00FC (decimal 252)
   defining Unicode char U+00FD (decimal 253)
   defining Unicode char U+00FE (decimal 254)
   defining Unicode char U+00FF (decimal 255)
   defining Unicode char U+0102 (decimal 258)
   defining Unicode char U+0103 (decimal 259)
   defining Unicode char U+0104 (decimal 260)
   defining Unicode char U+0105 (decimal 261)
   defining Unicode char U+0106 (decimal 262)
   defining Unicode char U+0107 (decimal 263)
   defining Unicode char U+010C (decimal 268)
   defining Unicode char U+010D (decimal 269)
   defining Unicode char U+010E (decimal 270)
   defining Unicode char U+010F (decimal 271)
   defining Unicode char U+0110 (decimal 272)
   defining Unicode char U+0111 (decimal 273)
   defining Unicode char U+0118 (decimal 280)
   defining Unicode char U+0119 (decimal 281)
   defining Unicode char U+011A (decimal 282)
   defining Unicode char U+011B (decimal 283)
   defining Unicode char U+011E (decimal 286)
   defining Unicode char U+011F (decimal 287)
   defining Unicode char U+0130 (decimal 304)
   defining Unicode char U+0131 (decimal 305)
   defining Unicode char U+0132 (decimal 306)
   defining Unicode char U+0133 (decimal 307)
   defining Unicode char U+0139 (decimal 313)
   defining Unicode char U+013A (decimal 314)
   defining Unicode char U+013D (decimal 317)
   defining Unicode char U+013E (decimal 318)
   defining Unicode char U+0141 (decimal 321)
   defining Unicode char U+0142 (decimal 322)
   defining Unicode char U+0143 (decimal 323)
   defining Unicode char U+0144 (decimal 324)
   defining Unicode char U+0147 (decimal 327)
   defining Unicode char U+0148 (decimal 328)
   defining Unicode char U+014A (decimal 330)
   defining Unicode char U+014B (decimal 331)
   defining Unicode char U+0150 (decimal 336)
   defining Unicode char U+0151 (decimal 337)
   defining Unicode char U+0152 (decimal 338)
   defining Unicode char U+0153 (decimal 339)
   defining Unicode char U+0154 (decimal 340)
   defining Unicode char U+0155 (decimal 341)
   defining Unicode char U+0158 (decimal 344)
   defining Unicode char U+0159 (decimal 345)
   defining Unicode char U+015A (decimal 346)
   defining Unicode char U+015B (decimal 347)
   defining Unicode char U+015E (decimal 350)
   defining Unicode char U+015F (decimal 351)
   defining Unicode char U+0160 (decimal 352)
   defining Unicode char U+0161 (decimal 353)
   defining Unicode char U+0162 (decimal 354)
   defining Unicode char U+0163 (decimal 355)
   defining Unicode char U+0164 (decimal 356)
   defining Unicode char U+0165 (decimal 357)
   defining Unicode char U+016E (decimal 366)
   defining Unicode char U+016F (decimal 367)
   defining Unicode char U+0170 (decimal 368)
   defining Unicode char U+0171 (decimal 369)
   defining Unicode char U+0178 (decimal 376)
   defining Unicode char U+0179 (decimal 377)
   defining Unicode char U+017A (decimal 378)
   defining Unicode char U+017B (decimal 379)
   defining Unicode char U+017C (decimal 380)
   defining Unicode char U+017D (decimal 381)
   defining Unicode char U+017E (decimal 382)
   defining Unicode char U+200C (decimal 8204)
   defining Unicode char U+2013 (decimal 8211)
   defining Unicode char U+2014 (decimal 8212)
   defining Unicode char U+2018 (decimal 8216)
   defining Unicode char U+2019 (decimal 8217)
   defining Unicode char U+201A (decimal 8218)
   defining Unicode char U+201C (decimal 8220)
   defining Unicode char U+201D (decimal 8221)
   defining Unicode char U+201E (decimal 8222)
   defining Unicode char U+2030 (decimal 8240)
   defining Unicode char U+2031 (decimal 8241)
   defining Unicode char U+2039 (decimal 8249)
   defining Unicode char U+203A (decimal 8250)
   defining Unicode char U+2423 (decimal 9251)
)
Now handling font encoding OT1 ...
... processing UTF-8 mapping file for font encoding OT1

(/usr/share/texlive/texmf-dist/tex/latex/base/ot1enc.dfu
File: ot1enc.dfu 2008/04/05 v1.1m UTF-8 support for inputenc
   defining Unicode char U+00A1 (decimal 161)
   defining Unicode char U+00A3 (decimal 163)
   defining Unicode char U+00B8 (decimal 184)
   defining Unicode char U+00BF (decimal 191)
   defining Unicode char U+00C5 (decimal 197)
   defining Unicode char U+00C6 (decimal 198)
   defining Unicode char U+00D8 (decimal 216)
   defining Unicode char U+00DF (decimal 223)
   defining Unicode char U+00E6 (decimal 230)
   defining Unicode char U+00EC (decimal 236)
   defining Unicode char U+00ED (decimal 237)
   defining Unicode char U+00EE (decimal 238)
   defining Unicode char U+00EF (decimal 239)
   defining Unicode char U+00F8 (decimal 248)
   defining Unicode char U+0131 (decimal 305)
   defining Unicode char U+0141 (decimal 321)
   defining Unicode char U+0142 (decimal 322)
   defining Unicode char U+0152 (decimal 338)
   defining Unicode char U+0153 (decimal 339)
   defining Unicode char U+2013 (decimal 8211)
   defining Unicode char U+2014 (decimal 8212)
   defining Unicode char U+2018 (decimal 8216)
   defining Unicode char U+2019 (decimal 8217)
   defining Unicode char U+201C (decimal 8220)
   defining Unicode char U+201D (decimal 8221)
)
Now handling font encoding OMS ...
... processing UTF-8 mapping file for font encoding OMS

(/usr/share/texlive/texmf-dist/tex/latex/base/omsenc.dfu
File: omsenc.dfu 2008/04/05 v1.1m UTF-8 support for inputenc
   defining Unicode char U+00A7 (decimal 167)
   defining Unicode char U+00B6 (decimal 182)
   defining Unicode char U+00B7 (decimal 183)
   defining Unicode char U+2020 (decimal 8224)
   defining Unicode char U+2021 (decimal 8225)
   defining Unicode char U+2022 (decimal 8226)
)
Now handling font encoding OMX ...
... no UTF-8 mapping file for font encoding OMX
Now handling font encoding U ...
... no UTF-8 mapping file for font encoding U
   defining Unicode char U+00A9 (decimal 169)
   defining Unicode char U+00AA (decimal 170)
   defining Unicode char U+00AE (decimal 174)
   defining Unicode char U+00BA (decimal 186)
   defining Unicode char U+02C6 (decimal 710)
   defining Unicode char U+02DC (decimal 732)
   defining Unicode char U+200C (decimal 8204)
   defining Unicode char U+2026 (decimal 8230)
   defining Unicode char U+2122 (decimal 8482)
   defining Unicode char U+2423 (decimal 9251)
))
(/usr/share/texlive/texmf-dist/tex/latex/lipsum/lipsum.sty
Package: lipsum 2011/04/14 v1.2 150 paragraphs of Lorem Ipsum dummy text
\c@lips@count=\count87
)
(/usr/share/texlive/texmf-dist/tex/latex/listings/listings.sty
(/usr/share/texlive/texmf-dist/tex/latex/graphics/keyval.sty
Package: keyval 1999/03/16 v1.13 key=value parser (DPC)
\KV@toks@=\toks16
)
\lst@mode=\count88
\lst@gtempboxa=\box26
\lst@token=\toks17
\lst@length=\count89
\lst@currlwidth=\dimen103
\lst@column=\count90
\lst@pos=\count91
\lst@lostspace=\dimen104
\lst@width=\dimen105
\lst@newlines=\count92
\lst@lineno=\count93
\lst@maxwidth=\dimen106

(/usr/share/texlive/texmf-dist/tex/latex/listings/lstmisc.sty
File: lstmisc.sty 2013/08/26 1.5b (Carsten Heinz)
\c@lstnumber=\count94
\lst@skipnumbers=\count95
\lst@framebox=\box27
)
(/usr/share/texlive/texmf-dist/tex/latex/listings/listings.cfg
File: listings.cfg 2013/08/26 1.5b listings configuration
))
Package: listings 2013/08/26 1.5b (Carsten Heinz)

(/usr/share/texmf/tex/latex/xcolor/xcolor.sty
Package: xcolor 2007/01/21 v2.11 LaTeX color extensions (UK)

(/usr/share/texlive/texmf-dist/tex/latex/latexconfig/color.cfg
File: color.cfg 2007/01/18 v1.5 color configuration of teTeX/TeXLive
)
Package xcolor Info: Driver file: pdftex.def on input line 225.

(/usr/share/texlive/texmf-dist/tex/latex/pdftex-def/pdftex.def
File: pdftex.def 2011/05/27 v0.06d Graphics/color for pdfTeX

(/usr/share/texlive/texmf-dist/tex/generic/oberdiek/infwarerr.sty
Package: infwarerr 2010/04/08 v1.3 Providing info/warning/error messages (HO)
)
(/usr/share/texlive/texmf-dist/tex/generic/oberdiek/ltxcmds.sty
Package: ltxcmds 2011/11/09 v1.22 LaTeX kernel commands for general use (HO)
)
\Gread@gobject=\count96
)
Package xcolor Info: Model `cmy' substituted by `cmy0' on input line 1337.
Package xcolor Info: Model `hsb' substituted by `rgb' on input line 1341.
Package xcolor Info: Model `RGB' extended on input line 1353.
Package xcolor Info: Model `HTML' substituted by `rgb' on input line 1355.
Package xcolor Info: Model `Hsb' substituted by `hsb' on input line 1356.
Package xcolor Info: Model `tHsb' substituted by `hsb' on input line 1357.
Package xcolor Info: Model `HSB' substituted by `hsb' on input line 1358.
Package xcolor Info: Model `Gray' substituted by `gray' on input line 1359.
Package xcolor Info: Model `wave' substituted by `hsb' on input line 1360.
)
(/usr/share/texlive/texmf-dist/tex/latex/tools/enumerate.sty
Package: enumerate 1999/03/05 v3.00 enumerate extensions (DPC)
\@enLab=\toks18
)
(/usr/share/texlive/texmf-dist/tex/latex/vhistory/vhistory.sty
Package: vhistory 

(/usr/share/texlive/texmf-dist/tex/latex/carlisle/ltxtable.sty
Package: ltxtable 1995/12/11 v0.2 longtable/tabularx merge (DPC)

(/usr/share/texlive/texmf-dist/tex/latex/tools/tabularx.sty
Package: tabularx 1999/01/07 v2.07 `tabularx' package (DPC)

(/usr/share/texlive/texmf-dist/tex/latex/tools/array.sty
Package: array 2008/09/09 v2.4c Tabular extension package (FMi)
\col@sep=\dimen107
\extrarowheight=\dimen108
\NC@list=\toks19
\extratabsurround=\skip43
\backup@length=\skip44
)
\TX@col@width=\dimen109
\TX@old@table=\dimen110
\TX@old@col=\dimen111
\TX@target=\dimen112
\TX@delta=\dimen113
\TX@cols=\count97
\TX@ftn=\toks20
)
(/usr/share/texlive/texmf-dist/tex/latex/tools/longtable.sty
Package: longtable 2004/02/01 v4.11 Multi-page Table package (DPC)
\LTleft=\skip45
\LTright=\skip46
\LTpre=\skip47
\LTpost=\skip48
\LTchunksize=\count98
\LTcapwidth=\dimen114
\LT@head=\box28
\LT@firsthead=\box29
\LT@foot=\box30
\LT@lastfoot=\box31
\LT@cols=\count99
\LT@rows=\count100
\c@LT@tables=\count101
\c@LT@chunks=\count102
\LT@p@ftn=\toks21
))
(/usr/share/texlive/texmf-dist/tex/latex/vhistory/sets.sty
Package: sets 
\c@s@tlength=\count103
)
Reading file rasdArticle.hst...
(./rasdArticle.hst)
\vh@verfile=\write3
)
(/usr/share/texlive/texmf-dist/tex/latex/graphics/graphicx.sty
Package: graphicx 1999/02/16 v1.0f Enhanced LaTeX Graphics (DPC,SPQR)

(/usr/share/texlive/texmf-dist/tex/latex/graphics/graphics.sty
Package: graphics 2009/02/05 v1.0o Standard LaTeX Graphics (DPC,SPQR)

(/usr/share/texlive/texmf-dist/tex/latex/graphics/trig.sty
Package: trig 1999/03/16 v1.09 sin cos tan (DPC)
)
(/usr/share/texlive/texmf-dist/tex/latex/latexconfig/graphics.cfg
File: graphics.cfg 2010/04/23 v1.9 graphics configuration of TeX Live
)
Package graphics Info: Driver file: pdftex.def on input line 91.
)
\Gin@req@height=\dimen115
\Gin@req@width=\dimen116
)
(/usr/share/texlive/texmf-dist/tex/latex/float/float.sty
Package: float 2001/11/08 v1.3d Float enhancements (AL)
\c@float@type=\count104
\float@exts=\toks22
\float@box=\box32
\@float@everytoks=\toks23
\@floatcapt=\box33
)
(/usr/share/texlive/texmf-dist/tex/latex/rotating/rotating.sty
Package: rotating 2009/03/28 v2.16a rotated objects in LaTeX

(/usr/share/texlive/texmf-dist/tex/latex/base/ifthen.sty
Package: ifthen 2001/05/26 v1.1c Standard LaTeX ifthen package (DPC)
)
\c@r@tfl@t=\count105
\rotFPtop=\skip49
\rotFPbot=\skip50
\rot@float@box=\box34
\rot@mess@toks=\toks24
)
(/usr/share/texlive/texmf-dist/tex/latex/tools/afterpage.sty
Package: afterpage 1995/10/27 v1.08 After-Page Package (DPC)
\AP@output=\toks25
\AP@partial=\box35
\AP@footins=\box36
)
(./rasdArticle.aux)
\openout1 = `rasdArticle.aux'.

LaTeX Font Info:    Checking defaults for OML/cmm/m/it on input line 49.
LaTeX Font Info:    ... okay on input line 49.
LaTeX Font Info:    Checking defaults for T1/cmr/m/n on input line 49.
LaTeX Font Info:    ... okay on input line 49.
LaTeX Font Info:    Checking defaults for OT1/cmr/m/n on input line 49.
LaTeX Font Info:    ... okay on input line 49.
LaTeX Font Info:    Checking defaults for OMS/cmsy/m/n on input line 49.
LaTeX Font Info:    ... okay on input line 49.
LaTeX Font Info:    Checking defaults for OMX/cmex/m/n on input line 49.
LaTeX Font Info:    ... okay on input line 49.
LaTeX Font Info:    Checking defaults for U/cmr/m/n on input line 49.
LaTeX Font Info:    ... okay on input line 49.
\c@lstlisting=\count106

(/usr/share/texlive/texmf-dist/tex/context/base/supp-pdf.mkii
[Loading MPS to PDF converter (version 2006.09.02).]
\scratchcounter=\count107
\scratchdimen=\dimen117
\scratchbox=\box37
\nofMPsegments=\count108
\nofMParguments=\count109
\everyMPshowfont=\toks26
\MPscratchCnt=\count110
\MPscratchDim=\dimen118
\MPnumerator=\count111
\makeMPintoPDFobject=\count112
\everyMPtoPDFconversion=\toks27
) (/usr/share/texlive/texmf-dist/tex/generic/oberdiek/pdftexcmds.sty
Package: pdftexcmds 2011/11/29 v0.20 Utility functions of pdfTeX for LuaTeX (HO
)

(/usr/share/texlive/texmf-dist/tex/generic/oberdiek/ifluatex.sty
Package: ifluatex 2010/03/01 v1.3 Provides the ifluatex switch (HO)
Package ifluatex Info: LuaTeX not detected.
)
(/usr/share/texlive/texmf-dist/tex/generic/oberdiek/ifpdf.sty
Package: ifpdf 2011/01/30 v2.3 Provides the ifpdf switch (HO)
Package ifpdf Info: pdfTeX in PDF mode is detected.
)
Package pdftexcmds Info: LuaTeX not detected.
Package pdftexcmds Info: \pdf@primitive is available.
Package pdftexcmds Info: \pdf@ifprimitive is available.
Package pdftexcmds Info: \pdfdraftmode found.
)
(/usr/share/texlive/texmf-dist/tex/latex/oberdiek/epstopdf-base.sty
Package: epstopdf-base 2010/02/09 v2.5 Base part for package epstopdf

(/usr/share/texlive/texmf-dist/tex/latex/oberdiek/grfext.sty
Package: grfext 2010/08/19 v1.1 Manage graphics extensions (HO)

(/usr/share/texlive/texmf-dist/tex/generic/oberdiek/kvdefinekeys.sty
Package: kvdefinekeys 2011/04/07 v1.3 Define keys (HO)
))
(/usr/share/texlive/texmf-dist/tex/latex/oberdiek/kvoptions.sty
Package: kvoptions 2011/06/30 v3.11 Key value format for package options (HO)

(/usr/share/texlive/texmf-dist/tex/generic/oberdiek/kvsetkeys.sty
Package: kvsetkeys 2012/04/25 v1.16 Key value parser (HO)

(/usr/share/texlive/texmf-dist/tex/generic/oberdiek/etexcmds.sty
Package: etexcmds 2011/02/16 v1.5 Avoid name clashes with e-TeX commands (HO)
Package etexcmds Info: Could not find \expanded.
(etexcmds)             That can mean that you are not using pdfTeX 1.50 or
(etexcmds)             that some package has redefined \expanded.
(etexcmds)             In the latter case, load this package earlier.
)))
Package grfext Info: Graphics extension search list:
(grfext)             [.png,.pdf,.jpg,.mps,.jpeg,.jbig2,.jb2,.PNG,.PDF,.JPG,.JPE
G,.JBIG2,.JB2,.eps]
(grfext)             \AppendGraphicsExtensions on input line 452.

(/usr/share/texlive/texmf-dist/tex/latex/latexconfig/epstopdf-sys.cfg
File: epstopdf-sys.cfg 2010/07/13 v1.3 Configuration of (r)epstopdf for TeX Liv
e
))
<Resources/logoPolimi.png, id=1, 481.8pt x 347.2975pt>
File: Resources/logoPolimi.png Graphic file (type png)

<use Resources/logoPolimi.png>
Package pdftex.def Info: Resources/logoPolimi.png used on input line 53.
(pdftex.def)             Requested size: 144.5411pt x 104.19005pt.
LaTeX Font Info:    External font `cmex10' loaded for size
(Font)              <12> on input line 56.
LaTeX Font Info:    External font `cmex10' loaded for size
(Font)              <8> on input line 56.
LaTeX Font Info:    External font `cmex10' loaded for size
(Font)              <6> on input line 56.
 [1

{/var/lib/texmf/fonts/map/pdftex/updmap/pdftex.map} <./Resources/logoPolimi.png
>]
\openout3 = `rasdArticle.ver'.

\vh@hstfile=\write4
\openout4 = `rasdArticle.hst'.

 (./rasdArticle.ver) (./rasdArticle.ver)
(./rasdArticle.ver)
LaTeX Font Info:    External font `cmex10' loaded for size
(Font)              <7> on input line 79.
LaTeX Font Info:    External font `cmex10' loaded for size
(Font)              <5> on input line 79.
 [2] (./rasdArticle.toc [3])
\tf@toc=\write5
\openout5 = `rasdArticle.toc'.

 [4]

LaTeX Warning: The counter will not be printed.
             The label is: - on input line 120.

[1] [2] [3]
Overfull \hbox (56.13956pt too wide) in paragraph at lines 197--199
[]\OT1/cmr/m/n/10 We as-sume that is pos-si-ble to check the cor-rispon-dence b
e-tween Name+Surname+Birthday
 []

[4] [5]

LaTeX Warning: The counter will not be printed.
             The label is: - on input line 247.


LaTeX Warning: The counter will not be printed.
             The label is: - on input line 254.


Overfull \hbox (11.80605pt too wide) in paragraph at lines 255--256
[]\OT1/cmr/m/n/10 Apache Server with per-mis-sions to ac-cess the ex-ist-ing sy
s-tem's database. 
 []

<Resources/login.jpg, id=38, 442.65375pt x 903.375pt>
File: Resources/login.jpg Graphic file (type jpg)

<use Resources/login.jpg>
Package pdftex.def Info: Resources/login.jpg used on input line 273.
(pdftex.def)             Requested size: 177.05835pt x 361.3436pt.

<Resources/signup.jpg, id=39, 442.65375pt x 903.375pt>
File: Resources/signup.jpg Graphic file (type jpg)

<use Resources/signup.jpg>
Package pdftex.def Info: Resources/signup.jpg used on input line 278.
(pdftex.def)             Requested size: 177.05835pt x 361.3436pt.
 <Resources/map.jpg, id=40, 442.65375pt x 903.375pt>
File: Resources/map.jpg Graphic file (type jpg)

<use Resources/map.jpg>
Package pdftex.def Info: Resources/map.jpg used on input line 283.
(pdftex.def)             Requested size: 177.05835pt x 361.3436pt.
 [6] [7 <./Resources/login.jpg>] [8 <./Resources/signup.jpg>] [9 <./Resources/m
ap.jpg>]

LaTeX Warning: The counter will not be printed.
             The label is: - on input line 297.


LaTeX Warning: The counter will not be printed.
             The label is: - on input line 304.


LaTeX Warning: The counter will not be printed.
             The label is: - on input line 308.


LaTeX Warning: The counter will not be printed.
             The label is: - on input line 314.


LaTeX Warning: The counter will not be printed.
             The label is: - on input line 320.


LaTeX Warning: The counter will not be printed.
             The label is: - on input line 329.

[10]

LaTeX Warning: The counter will not be printed.
             The label is: - on input line 339.


LaTeX Warning: The counter will not be printed.
             The label is: - on input line 346.


LaTeX Warning: The counter will not be printed.
             The label is: - on input line 354.


LaTeX Warning: The counter will not be printed.
             The label is: - on input line 360.


LaTeX Warning: The counter will not be printed.
             The label is: - on input line 365.


LaTeX Warning: The counter will not be printed.
             The label is: - on input line 371.

[11]
Overfull \hbox (2.4729pt too wide) in paragraph at lines 399--400
\OT1/cmr/m/n/10 Data pro-tec-tion in trans-mis-sion must be guar-an-teed dur-in
g au-then-ti-ca-tion phase. 
 []

[12] [13] <Resources/UseCaseDiagram.png, id=66, 797.98125pt x 1063.975pt>
File: Resources/UseCaseDiagram.png Graphic file (type png)

<use Resources/UseCaseDiagram.png>
Package pdftex.def Info: Resources/UseCaseDiagram.png used on input line 442.
(pdftex.def)             Requested size: 359.08824pt x 478.78433pt.

Overfull \hbox (14.08824pt too wide) in paragraph at lines 442--443
 [][] 
 []

[14] [15 <./Resources/UseCaseDiagram.png>]
<Resources/register.png, id=76, 498.86375pt x 354.32375pt>
File: Resources/register.png Graphic file (type png)

<use Resources/register.png>
Package pdftex.def Info: Resources/register.png used on input line 465.
(pdftex.def)             Requested size: 224.4866pt x 159.4442pt.
 [16 <./Resources/register.png>]
<Resources/login.png, id=81, 498.86375pt x 354.32375pt>
File: Resources/login.png Graphic file (type png)

<use Resources/login.png>
Package pdftex.def Info: Resources/login.png used on input line 488.
(pdftex.def)             Requested size: 224.4866pt x 159.4442pt.
 [17 <./Resources/login.png>]
<Resources/find.png, id=86, 739.76375pt x 354.32375pt>
File: Resources/find.png Graphic file (type png)

<use Resources/find.png>
Package pdftex.def Info: Resources/find.png used on input line 511.
(pdftex.def)             Requested size: 332.89061pt x 159.4442pt.

<Resources/findGPS.png, id=87, 609.27625pt x 354.32375pt>
File: Resources/findGPS.png Graphic file (type png)

<use Resources/findGPS.png>
Package pdftex.def Info: Resources/findGPS.png used on input line 516.
(pdftex.def)             Requested size: 274.17177pt x 159.4442pt.
 [18 <./Resources/find.png>] [19 <./Resources/findGPS.png>] <Resources/show.png
, id=96, 313.17pt x 257.96375pt>
File: Resources/show.png Graphic file (type png)

<use Resources/show.png>
Package pdftex.def Info: Resources/show.png used on input line 536.
(pdftex.def)             Requested size: 140.92519pt x 116.0826pt.
 [20 <./Resources/show.png>]
<Resources/bookvehicle.png, id=101, 507.8975pt x 391.4625pt>
File: Resources/bookvehicle.png Graphic file (type png)

<use Resources/bookvehicle.png>
Package pdftex.def Info: Resources/bookvehicle.png used on input line 560.
(pdftex.def)             Requested size: 228.55176pt x 176.1565pt.
 [21 <./Resources/bookvehicle.png>]
<Resources/Cancel.png, id=107, 529.98pt x 354.32375pt>
File: Resources/Cancel.png Graphic file (type png)

<use Resources/Cancel.png>
Package pdftex.def Info: Resources/Cancel.png used on input line 584.
(pdftex.def)             Requested size: 238.48878pt x 159.4442pt.
 [22 <./Resources/Cancel.png>]
<Resources/open.png, id=112, 489.83pt x 354.32375pt>
File: Resources/open.png Graphic file (type png)
 <use Resources/open.png>
Package pdftex.def Info: Resources/open.png used on input line 608.
(pdftex.def)             Requested size: 220.42146pt x 159.4442pt.

[23 <./Resources/open.png>]
<Resources/conclude.png, id=117, 756.8275pt x 525.965pt>
File: Resources/conclude.png Graphic file (type png)

<use Resources/conclude.png>
Package pdftex.def Info: Resources/conclude.png used on input line 634.
(pdftex.def)             Requested size: 340.56923pt x 236.68205pt.
 [24] [25 <./Resources/conclude.png>]
<Resources/showsafeareas.png, id=125, 461.725pt x 317.185pt>
File: Resources/showsafeareas.png Graphic file (type png)

<use Resources/showsafeareas.png>
Package pdftex.def Info: Resources/showsafeareas.png used on input line 654.
(pdftex.def)             Requested size: 207.77432pt x 142.73192pt.
 [26 <./Resources/showsafeareas.png>]
<Resources/carStateChart.png, id=130, 315.1775pt x 244.915pt>
File: Resources/carStateChart.png Graphic file (type png)

<use Resources/carStateChart.png>
Package pdftex.def Info: Resources/carStateChart.png used on input line 664.
(pdftex.def)             Requested size: 236.38254pt x 183.68578pt.

<Resources/bookingStateChart.png, id=131, 315.1775pt x 237.88875pt>
File: Resources/bookingStateChart.png Graphic file (type png)

<use Resources/bookingStateChart.png>
Package pdftex.def Info: Resources/bookingStateChart.png used on input line 670
.
(pdftex.def)             Requested size: 236.38254pt x 178.4161pt.

<Resources/classDiagram.png, id=132, 1817.79124pt x 1160.335pt>
File: Resources/classDiagram.png Graphic file (type png)

<use Resources/classDiagram.png>
Package pdftex.def Info: Resources/classDiagram.png used on input line 680.
(pdftex.def)             Requested size: 545.34158pt x 348.10318pt.
 [27 <./Resources/carStateChart.png> <./Resources/bookingStateChart.png>] [28] 
[29 <./Resources/classDiagram.png>]
(./Alloy/tookapillincadorna.als [30] [31]) (./Alloy/tookapillincadorna.als
[32] [33] [34] [35] [36]) (./Alloy/tookapillincadorna.als [37])
(./Alloy/tookapillincadorna.als) [38]
<Resources/pred_show.png, id=177, 1321.93875pt x 442.65375pt>
File: Resources/pred_show.png Graphic file (type png)

<use Resources/pred_show.png>
Package pdftex.def Info: Resources/pred_show.png used on input line 698.
(pdftex.def)             Requested size: 660.96777pt x 221.32632pt.

Overfull \hbox (62.96777pt too wide) in paragraph at lines 698--699
 [][] 
 []

<Resources/pred_twoBillings.png, id=178, 1243.64626pt x 603.25375pt>
File: Resources/pred_twoBillings.png Graphic file (type png)

<use Resources/pred_twoBillings.png>
Package pdftex.def Info: Resources/pred_twoBillings.png used on input line 706.

(pdftex.def)             Requested size: 746.19351pt x 361.95503pt.

Overfull \hbox (148.19351pt too wide) in paragraph at lines 706--707
 [][] 
 []

<Resources/pred_oneCar.png, id=179, 1248.665pt x 603.25375pt>
File: Resources/pred_oneCar.png Graphic file (type png)

<use Resources/pred_oneCar.png>
Package pdftex.def Info: Resources/pred_oneCar.png used on input line 714.
(pdftex.def)             Requested size: 749.20479pt x 361.95503pt.

Overfull \hbox (151.20479pt too wide) in paragraph at lines 714--715
 [][] 
 []

<Resources/pred_oneCartwoClients.png, id=180, 1239.63126pt x 603.25375pt>
File: Resources/pred_oneCartwoClients.png Graphic file (type png)

<use Resources/pred_oneCartwoClients.png>
Package pdftex.def Info: Resources/pred_oneCartwoClients.png used on input line
 722.
(pdftex.def)             Requested size: 743.7845pt x 361.95503pt.

Overfull \hbox (145.7845pt too wide) in paragraph at lines 722--723
 [][] 
 []

[39 <./Resources/pred_show.png (PNG copy)>] [40 <./Resources/pred_twoBillings.p
ng (PNG copy)>] [41 <./Resources/pred_oneCar.png (PNG copy)>] [42 <./Resources/
pred_oneCartwoClients.png (PNG copy)>] (./rasdArticle.aux) ) 
Here is how much of TeX's memory you used:
 4776 strings out of 493304
 64271 string characters out of 6139871
 416034 words of memory out of 5000000
 8123 multiletter control sequences out of 15000+600000
 8529 words of font info for 31 fonts, out of 8000000 for 9000
 957 hyphenation exceptions out of 8191
 38i,12n,40p,233b,1650s stack positions out of 5000i,500n,10000p,200000b,80000s
</usr/share/texlive
/texmf-dist/fonts/type1/public/amsfonts/cm/cmbx10.pfb></usr/share/texlive/texmf
-dist/fonts/type1/public/amsfonts/cm/cmbx12.pfb></usr/share/texlive/texmf-dist/
fonts/type1/public/amsfonts/cm/cmr10.pfb></usr/share/texlive/texmf-dist/fonts/t
ype1/public/amsfonts/cm/cmr12.pfb></usr/share/texlive/texmf-dist/fonts/type1/pu
blic/amsfonts/cm/cmr17.pfb></usr/share/texlive/texmf-dist/fonts/type1/public/am
sfonts/cm/cmsy10.pfb></usr/share/texlive/texmf-dist/fonts/type1/public/amsfonts
/cm/cmtt8.pfb></usr/share/texlive/texmf-dist/fonts/type1/public/amsfonts/cm/cmt
t9.pfb></usr/share/texlive/texmf-dist/fonts/type1/public/amsfonts/latxfont/lcir
cle1.pfb>
Output written on rasdArticle.pdf (46 pages, 1229775 bytes).
PDF statistics:
 227 PDF objects out of 1000 (max. 8388607)
 132 compressed objects within 2 object streams
 0 named destinations out of 1000 (max. 500000)
 111 words of extra memory for PDF output out of 10000 (max. 10000000)

